# JRE version: OpenJDK Runtime Environment (7.0_65-b32) (build 1.7.0_65-b32)
# Java VM: OpenJDK 64-Bit Server VM (24.65-b04 mixed mode linux-amd64 compressed oops)
Heap
 PSYoungGen      total 64512K, used 7153K [0x00000000eaa80000, 0x00000000ef080000, 0x0000000100000000)
  eden space 57344K, 0% used [0x00000000eaa80000,0x00000000eaa80000,0x00000000ee280000)
  from space 7168K, 99% used [0x00000000ee280000,0x00000000ee97c6f0,0x00000000ee980000)
  to   space 7168K, 0% used [0x00000000ee980000,0x00000000ee980000,0x00000000ef080000)
 ParOldGen       total 35840K, used 22936K [0x00000000c0000000, 0x00000000c2300000, 0x00000000eaa80000)
  object space 35840K, 63% used [0x00000000c0000000,0x00000000c1666280,0x00000000c2300000)
 PSPermGen       total 21504K, used 5801K [0x00000000b5a00000, 0x00000000b6f00000, 0x00000000c0000000)
  object space 21504K, 26% used [0x00000000b5a00000,0x00000000b5faa7a0,0x00000000b6f00000)
GC Heap History (10 events):
Event: 9,920 GC heap after
Heap after GC invocations=2 (full 0):
 PSYoungGen      total 16384K, used 2032K [0x00000000eaa80000, 0x00000000eca80000, 0x0000000100000000)
  eden space 14336K, 0% used [0x00000000eaa80000,0x00000000eaa80000,0x00000000eb880000)
  from space 2048K, 99% used [0x00000000eba80000,0x00000000ebc7c038,0x00000000ebc80000)
  to   space 2048K, 0% used [0x00000000eb880000,0x00000000eb880000,0x00000000eba80000)
 ParOldGen       total 35840K, used 4349K [0x00000000c0000000, 0x00000000c2300000, 0x00000000eaa80000)
  object space 35840K, 12% used [0x00000000c0000000,0x00000000c043f720,0x00000000c2300000)
 PSPermGen       total 21504K, used 5624K [0x00000000b5a00000, 0x00000000b6f00000, 0x00000000c0000000)
  object space 21504K, 26% used [0x00000000b5a00000,0x00000000b5f7e318,0x00000000b6f00000)
}
Event: 10,904 GC heap before
{Heap before GC invocations=3 (full 0):
 PSYoungGen      total 16384K, used 16368K [0x00000000eaa80000, 0x00000000eca80000, 0x0000000100000000)
  eden space 14336K, 100% used [0x00000000eaa80000,0x00000000eb880000,0x00000000eb880000)
  from space 2048K, 99% used [0x00000000eba80000,0x00000000ebc7c038,0x00000000ebc80000)
  to   space 2048K, 0% used [0x00000000eb880000,0x00000000eb880000,0x00000000eba80000)
 ParOldGen       total 35840K, used 4349K [0x00000000c0000000, 0x00000000c2300000, 0x00000000eaa80000)
  object space 35840K, 12% used [0x00000000c0000000,0x00000000c043f720,0x00000000c2300000)
 PSPermGen       total 21504K, used 5681K [0x00000000b5a00000, 0x00000000b6f00000, 0x00000000c0000000)
  object space 21504K, 26% used [0x00000000b5a00000,0x00000000b5f8c460,0x00000000b6f00000)
Event: 10,924 GC heap after
Heap after GC invocations=3 (full 0):
 PSYoungGen      total 16384K, used 2019K [0x00000000eaa80000, 0x00000000eca80000, 0x0000000100000000)
  eden space 14336K, 0% used [0x00000000eaa80000,0x00000000eaa80000,0x00000000eb880000)
  from space 2048K, 98% used [0x00000000eb880000,0x00000000eba78de0,0x00000000eba80000)
  to   space 2048K, 0% used [0x00000000ec880000,0x00000000ec880000,0x00000000eca80000)
 ParOldGen       total 35840K, used 6969K [0x00000000c0000000, 0x00000000c2300000, 0x00000000eaa80000)
  object space 35840K, 19% used [0x00000000c0000000,0x00000000c06ce5a0,0x00000000c2300000)
 PSPermGen       total 21504K, used 5681K [0x00000000b5a00000, 0x00000000b6f00000, 0x00000000c0000000)
  object space 21504K, 26% used [0x00000000b5a00000,0x00000000b5f8c460,0x00000000b6f00000)
}
Event: 12,049 GC heap before
{Heap before GC invocations=4 (full 0):
 PSYoungGen      total 16384K, used 16355K [0x00000000eaa80000, 0x00000000eca80000, 0x0000000100000000)
  eden space 14336K, 100% used [0x00000000eaa80000,0x00000000eb880000,0x00000000eb880000)
  from space 2048K, 98% used [0x00000000eb880000,0x00000000eba78de0,0x00000000eba80000)
  to   space 2048K, 0% used [0x00000000ec880000,0x00000000ec880000,0x00000000eca80000)
 ParOldGen       total 35840K, used 6969K [0x00000000c0000000, 0x00000000c2300000, 0x00000000eaa80000)
  object space 35840K, 19% used [0x00000000c0000000,0x00000000c06ce5a0,0x00000000c2300000)
 PSPermGen       total 21504K, used 5704K [0x00000000b5a00000, 0x00000000b6f00000, 0x00000000c0000000)
  object space 21504K, 26% used [0x00000000b5a00000,0x00000000b5f920e8,0x00000000b6f00000)
Event: 12,072 GC heap after
Heap after GC invocations=4 (full 0):
 PSYoungGen      total 30720K, used 2016K [0x00000000eaa80000, 0x00000000eca80000, 0x0000000100000000)
  eden space 28672K, 0% used [0x00000000eaa80000,0x00000000eaa80000,0x00000000ec680000)
  from space 2048K, 98% used [0x00000000ec880000,0x00000000eca78028,0x00000000eca80000)
  to   space 2048K, 0% used [0x00000000ec680000,0x00000000ec680000,0x00000000ec880000)
 ParOldGen       total 35840K, used 9393K [0x00000000c0000000, 0x00000000c2300000, 0x00000000eaa80000)
  object space 35840K, 26% used [0x00000000c0000000,0x00000000c092c5b8,0x00000000c2300000)
 PSPermGen       total 21504K, used 5704K [0x00000000b5a00000, 0x00000000b6f00000, 0x00000000c0000000)
  object space 21504K, 26% used [0x00000000b5a00000,0x00000000b5f920e8,0x00000000b6f00000)
}
Event: 13,242 GC heap before
{Heap before GC invocations=5 (full 0):
 PSYoungGen      total 30720K, used 30688K [0x00000000eaa80000, 0x00000000eca80000, 0x0000000100000000)
  eden space 28672K, 100% used [0x00000000eaa80000,0x00000000ec680000,0x00000000ec680000)
  from space 2048K, 98% used [0x00000000ec880000,0x00000000eca78028,0x00000000eca80000)
  to   space 2048K, 0% used [0x00000000ec680000,0x00000000ec680000,0x00000000ec880000)
 ParOldGen       total 35840K, used 9393K [0x00000000c0000000, 0x00000000c2300000, 0x00000000eaa80000)
  object space 35840K, 26% used [0x00000000c0000000,0x00000000c092c5b8,0x00000000c2300000)
 PSPermGen       total 21504K, used 5741K [0x00000000b5a00000, 0x00000000b6f00000, 0x00000000c0000000)
  object space 21504K, 26% used [0x00000000b5a00000,0x00000000b5f9b7b8,0x00000000b6f00000)
Event: 13,287 GC heap after
Heap after GC invocations=5 (full 0):
 PSYoungGen      total 30720K, used 2026K [0x00000000eaa80000, 0x00000000ef080000, 0x0000000100000000)
  eden space 28672K, 0% used [0x00000000eaa80000,0x00000000eaa80000,0x00000000ec680000)
  from space 2048K, 98% used [0x00000000ec680000,0x00000000ec87a8f8,0x00000000ec880000)
  to   space 7168K, 0% used [0x00000000ee980000,0x00000000ee980000,0x00000000ef080000)
 ParOldGen       total 35840K, used 14425K [0x00000000c0000000, 0x00000000c2300000, 0x00000000eaa80000)
  object space 35840K, 40% used [0x00000000c0000000,0x00000000c0e165a8,0x00000000c2300000)
 PSPermGen       total 21504K, used 5741K [0x00000000b5a00000, 0x00000000b6f00000, 0x00000000c0000000)
  object space 21504K, 26% used [0x00000000b5a00000,0x00000000b5f9b7b8,0x00000000b6f00000)
}
Event: 14,504 GC heap before
{Heap before GC invocations=6 (full 0):
 PSYoungGen      total 30720K, used 30698K [0x00000000eaa80000, 0x00000000ef080000, 0x0000000100000000)
  eden space 28672K, 100% used [0x00000000eaa80000,0x00000000ec680000,0x00000000ec680000)
  from space 2048K, 98% used [0x00000000ec680000,0x00000000ec87a8f8,0x00000000ec880000)
  to   space 7168K, 0% used [0x00000000ee980000,0x00000000ee980000,0x00000000ef080000)
 ParOldGen       total 35840K, used 14425K [0x00000000c0000000, 0x00000000c2300000, 0x00000000eaa80000)
  object space 35840K, 40% used [0x00000000c0000000,0x00000000c0e165a8,0x00000000c2300000)
 PSPermGen       total 21504K, used 5750K [0x00000000b5a00000, 0x00000000b6f00000, 0x00000000c0000000)
  object space 21504K, 26% used [0x00000000b5a00000,0x00000000b5f9dbc0,0x00000000b6f00000)
Event: 16,584 GC heap after
Heap after GC invocations=6 (full 0):
 PSYoungGen      total 64512K, used 6282K [0x00000000eaa80000, 0x00000000ef080000, 0x0000000100000000)
  eden space 57344K, 0% used [0x00000000eaa80000,0x00000000eaa80000,0x00000000ee280000)
  from space 7168K, 87% used [0x00000000ee980000,0x00000000eefa28f8,0x00000000ef080000)
  to   space 7168K, 0% used [0x00000000ee280000,0x00000000ee280000,0x00000000ee980000)
 ParOldGen       total 35840K, used 14425K [0x00000000c0000000, 0x00000000c2300000, 0x00000000eaa80000)
  object space 35840K, 40% used [0x00000000c0000000,0x00000000c0e165a8,0x00000000c2300000)
 PSPermGen       total 21504K, used 5750K [0x00000000b5a00000, 0x00000000b6f00000, 0x00000000c0000000)
  object space 21504K, 26% used [0x00000000b5a00000,0x00000000b5f9dbc0,0x00000000b6f00000)
}
Event: 20,713 GC heap before
{Heap before GC invocations=7 (full 0):
 PSYoungGen      total 64512K, used 63626K [0x00000000eaa80000, 0x00000000ef080000, 0x0000000100000000)
  eden space 57344K, 100% used [0x00000000eaa80000,0x00000000ee280000,0x00000000ee280000)
  from space 7168K, 87% used [0x00000000ee980000,0x00000000eefa28f8,0x00000000ef080000)
  to   space 7168K, 0% used [0x00000000ee280000,0x00000000ee280000,0x00000000ee980000)
 ParOldGen       total 35840K, used 14425K [0x00000000c0000000, 0x00000000c2300000, 0x00000000eaa80000)
  object space 35840K, 40% used [0x00000000c0000000,0x00000000c0e165a8,0x00000000c2300000)
 PSPermGen       total 21504K, used 5801K [0x00000000b5a00000, 0x00000000b6f00000, 0x00000000c0000000)
  object space 21504K, 26% used [0x00000000b5a00000,0x00000000b5faa7a0,0x00000000b6f00000)

