# JRE version: OpenJDK Runtime Environment (7.0_65-b32) (build 1.7.0_65-b32)
# Java VM: OpenJDK 64-Bit Server VM (24.65-b04 mixed mode linux-amd64 compressed oops)
Heap
 PSYoungGen      total 221696K, used 15843K [0x00000000eaa80000, 0x00000000f9280000, 0x0000000100000000)
  eden space 205824K, 0% used [0x00000000eaa80000,0x00000000eaa80000,0x00000000f7380000)
  from space 15872K, 99% used [0x00000000f7380000,0x00000000f82f8eb8,0x00000000f8300000)
  to   space 10752K, 0% used [0x00000000f8800000,0x00000000f8800000,0x00000000f9280000)
 ParOldGen       total 57344K, used 40872K [0x00000000c0000000, 0x00000000c3800000, 0x00000000eaa80000)
  object space 57344K, 71% used [0x00000000c0000000,0x00000000c27ea140,0x00000000c3800000)
 PSPermGen       total 21504K, used 7252K [0x00000000b5a00000, 0x00000000b6f00000, 0x00000000c0000000)
  object space 21504K, 33% used [0x00000000b5a00000,0x00000000b6115250,0x00000000b6f00000)
GC Heap History (10 events):
Event: 9,013 GC heap after
Heap after GC invocations=13 (full 1):
 PSYoungGen      total 115200K, used 13143K [0x00000000eaa80000, 0x00000000f3f80000, 0x0000000100000000)
  eden space 99840K, 0% used [0x00000000eaa80000,0x00000000eaa80000,0x00000000f0c00000)
  from space 15360K, 85% used [0x00000000f1c00000,0x00000000f28d5fe8,0x00000000f2b00000)
  to   space 16384K, 0% used [0x00000000f0c00000,0x00000000f0c00000,0x00000000f1c00000)
 ParOldGen       total 57344K, used 28030K [0x00000000c0000000, 0x00000000c3800000, 0x00000000eaa80000)
  object space 57344K, 48% used [0x00000000c0000000,0x00000000c1b5f940,0x00000000c3800000)
 PSPermGen       total 21504K, used 7245K [0x00000000b5a00000, 0x00000000b6f00000, 0x00000000c0000000)
  object space 21504K, 33% used [0x00000000b5a00000,0x00000000b6113658,0x00000000b6f00000)
}
Event: 9,226 GC heap before
{Heap before GC invocations=14 (full 1):
 PSYoungGen      total 115200K, used 112983K [0x00000000eaa80000, 0x00000000f3f80000, 0x0000000100000000)
  eden space 99840K, 100% used [0x00000000eaa80000,0x00000000f0c00000,0x00000000f0c00000)
  from space 15360K, 85% used [0x00000000f1c00000,0x00000000f28d5fe8,0x00000000f2b00000)
  to   space 16384K, 0% used [0x00000000f0c00000,0x00000000f0c00000,0x00000000f1c00000)
 ParOldGen       total 57344K, used 28030K [0x00000000c0000000, 0x00000000c3800000, 0x00000000eaa80000)
  object space 57344K, 48% used [0x00000000c0000000,0x00000000c1b5f940,0x00000000c3800000)
 PSPermGen       total 21504K, used 7246K [0x00000000b5a00000, 0x00000000b6f00000, 0x00000000c0000000)
  object space 21504K, 33% used [0x00000000b5a00000,0x00000000b6113bd8,0x00000000b6f00000)
Event: 9,232 GC heap after
Heap after GC invocations=14 (full 1):
 PSYoungGen      total 116224K, used 11313K [0x00000000eaa80000, 0x00000000f5b80000, 0x0000000100000000)
  eden space 99840K, 0% used [0x00000000eaa80000,0x00000000eaa80000,0x00000000f0c00000)
  from space 16384K, 69% used [0x00000000f0c00000,0x00000000f170c490,0x00000000f1c00000)
  to   space 16384K, 0% used [0x00000000f4b80000,0x00000000f4b80000,0x00000000f5b80000)
 ParOldGen       total 57344K, used 28030K [0x00000000c0000000, 0x00000000c3800000, 0x00000000eaa80000)
  object space 57344K, 48% used [0x00000000c0000000,0x00000000c1b5f940,0x00000000c3800000)
 PSPermGen       total 21504K, used 7246K [0x00000000b5a00000, 0x00000000b6f00000, 0x00000000c0000000)
  object space 21504K, 33% used [0x00000000b5a00000,0x00000000b6113bd8,0x00000000b6f00000)
}
Event: 9,428 GC heap before
{Heap before GC invocations=15 (full 1):
 PSYoungGen      total 116224K, used 110727K [0x00000000eaa80000, 0x00000000f5b80000, 0x0000000100000000)
  eden space 99840K, 99% used [0x00000000eaa80000,0x00000000f0b95828,0x00000000f0c00000)
  from space 16384K, 69% used [0x00000000f0c00000,0x00000000f170c490,0x00000000f1c00000)
  to   space 16384K, 0% used [0x00000000f4b80000,0x00000000f4b80000,0x00000000f5b80000)
 ParOldGen       total 57344K, used 28030K [0x00000000c0000000, 0x00000000c3800000, 0x00000000eaa80000)
  object space 57344K, 48% used [0x00000000c0000000,0x00000000c1b5f940,0x00000000c3800000)
 PSPermGen       total 21504K, used 7248K [0x00000000b5a00000, 0x00000000b6f00000, 0x00000000c0000000)
  object space 21504K, 33% used [0x00000000b5a00000,0x00000000b61140c0,0x00000000b6f00000)
Event: 9,433 GC heap after
Heap after GC invocations=15 (full 1):
 PSYoungGen      total 160768K, used 5105K [0x00000000eaa80000, 0x00000000f5980000, 0x0000000100000000)
  eden space 146432K, 0% used [0x00000000eaa80000,0x00000000eaa80000,0x00000000f3980000)
  from space 14336K, 35% used [0x00000000f4b80000,0x00000000f507c590,0x00000000f5980000)
  to   space 16384K, 0% used [0x00000000f3980000,0x00000000f3980000,0x00000000f4980000)
 ParOldGen       total 57344K, used 29817K [0x00000000c0000000, 0x00000000c3800000, 0x00000000eaa80000)
  object space 57344K, 51% used [0x00000000c0000000,0x00000000c1d1e660,0x00000000c3800000)
 PSPermGen       total 21504K, used 7248K [0x00000000b5a00000, 0x00000000b6f00000, 0x00000000c0000000)
  object space 21504K, 33% used [0x00000000b5a00000,0x00000000b61140c0,0x00000000b6f00000)
}
Event: 9,754 GC heap before
{Heap before GC invocations=16 (full 1):
 PSYoungGen      total 160768K, used 151537K [0x00000000eaa80000, 0x00000000f5980000, 0x0000000100000000)
  eden space 146432K, 100% used [0x00000000eaa80000,0x00000000f3980000,0x00000000f3980000)
  from space 14336K, 35% used [0x00000000f4b80000,0x00000000f507c590,0x00000000f5980000)
  to   space 16384K, 0% used [0x00000000f3980000,0x00000000f3980000,0x00000000f4980000)
 ParOldGen       total 57344K, used 29817K [0x00000000c0000000, 0x00000000c3800000, 0x00000000eaa80000)
  object space 57344K, 51% used [0x00000000c0000000,0x00000000c1d1e660,0x00000000c3800000)
 PSPermGen       total 21504K, used 7249K [0x00000000b5a00000, 0x00000000b6f00000, 0x00000000c0000000)
  object space 21504K, 33% used [0x00000000b5a00000,0x00000000b6114618,0x00000000b6f00000)
Event: 9,758 GC heap after
Heap after GC invocations=16 (full 1):
 PSYoungGen      total 162816K, used 7283K [0x00000000eaa80000, 0x00000000f9800000, 0x0000000100000000)
  eden space 146432K, 0% used [0x00000000eaa80000,0x00000000eaa80000,0x00000000f3980000)
  from space 16384K, 44% used [0x00000000f3980000,0x00000000f409cff8,0x00000000f4980000)
  to   space 16384K, 0% used [0x00000000f8800000,0x00000000f8800000,0x00000000f9800000)
 ParOldGen       total 57344K, used 29825K [0x00000000c0000000, 0x00000000c3800000, 0x00000000eaa80000)
  object space 57344K, 52% used [0x00000000c0000000,0x00000000c1d20660,0x00000000c3800000)
 PSPermGen       total 21504K, used 7249K [0x00000000b5a00000, 0x00000000b6f00000, 0x00000000c0000000)
  object space 21504K, 33% used [0x00000000b5a00000,0x00000000b6114618,0x00000000b6f00000)
}
Event: 10,075 GC heap before
{Heap before GC invocations=17 (full 1):
 PSYoungGen      total 162816K, used 153715K [0x00000000eaa80000, 0x00000000f9800000, 0x0000000100000000)
  eden space 146432K, 100% used [0x00000000eaa80000,0x00000000f3980000,0x00000000f3980000)
  from space 16384K, 44% used [0x00000000f3980000,0x00000000f409cff8,0x00000000f4980000)
  to   space 16384K, 0% used [0x00000000f8800000,0x00000000f8800000,0x00000000f9800000)
 ParOldGen       total 57344K, used 29825K [0x00000000c0000000, 0x00000000c3800000, 0x00000000eaa80000)
  object space 57344K, 52% used [0x00000000c0000000,0x00000000c1d20660,0x00000000c3800000)
 PSPermGen       total 21504K, used 7252K [0x00000000b5a00000, 0x00000000b6f00000, 0x00000000c0000000)
  object space 21504K, 33% used [0x00000000b5a00000,0x00000000b6115000,0x00000000b6f00000)
Event: 10,079 GC heap after
Heap after GC invocations=17 (full 1):
 PSYoungGen      total 216576K, used 10031K [0x00000000eaa80000, 0x00000000f9280000, 0x0000000100000000)
  eden space 205824K, 0% used [0x00000000eaa80000,0x00000000eaa80000,0x00000000f7380000)
  from space 10752K, 93% used [0x00000000f8800000,0x00000000f91cbeb8,0x00000000f9280000)
  to   space 15872K, 0% used [0x00000000f7380000,0x00000000f7380000,0x00000000f8300000)
 ParOldGen       total 57344K, used 29833K [0x00000000c0000000, 0x00000000c3800000, 0x00000000eaa80000)
  object space 57344K, 52% used [0x00000000c0000000,0x00000000c1d22660,0x00000000c3800000)
 PSPermGen       total 21504K, used 7252K [0x00000000b5a00000, 0x00000000b6f00000, 0x00000000c0000000)
  object space 21504K, 33% used [0x00000000b5a00000,0x00000000b6115000,0x00000000b6f00000)
}
Event: 11,077 GC heap before
{Heap before GC invocations=18 (full 1):
 PSYoungGen      total 216576K, used 215855K [0x00000000eaa80000, 0x00000000f9280000, 0x0000000100000000)
  eden space 205824K, 100% used [0x00000000eaa80000,0x00000000f7380000,0x00000000f7380000)
  from space 10752K, 93% used [0x00000000f8800000,0x00000000f91cbeb8,0x00000000f9280000)
  to   space 15872K, 0% used [0x00000000f7380000,0x00000000f7380000,0x00000000f8300000)
 ParOldGen       total 57344K, used 29833K [0x00000000c0000000, 0x00000000c3800000, 0x00000000eaa80000)
  object space 57344K, 52% used [0x00000000c0000000,0x00000000c1d22660,0x00000000c3800000)
 PSPermGen       total 21504K, used 7252K [0x00000000b5a00000, 0x00000000b6f00000, 0x00000000c0000000)
  object space 21504K, 33% used [0x00000000b5a00000,0x00000000b6115250,0x00000000b6f00000)

