# JRE version: OpenJDK Runtime Environment (7.0_65-b32) (build 1.7.0_65-b32)
# Java VM: OpenJDK 64-Bit Server VM (24.65-b04 mixed mode linux-amd64 compressed oops)
Heap
 PSYoungGen      total 234496K, used 17227K [0x00000000eaa80000, 0x00000000fa980000, 0x0000000100000000)
  eden space 212992K, 0% used [0x00000000eaa80000,0x00000000eaa80000,0x00000000f7a80000)
  from space 21504K, 80% used [0x00000000f7a80000,0x00000000f8b52d70,0x00000000f8f80000)
  to   space 18944K, 0% used [0x00000000f8f80000,0x00000000f8f80000,0x00000000fa200000)
 ParOldGen       total 65024K, used 63861K [0x00000000c0000000, 0x00000000c3f80000, 0x00000000eaa80000)
  object space 65024K, 98% used [0x00000000c0000000,0x00000000c3e5d410,0x00000000c3f80000)
 PSPermGen       total 21504K, used 7252K [0x00000000b5a00000, 0x00000000b6f00000, 0x00000000c0000000)
  object space 21504K, 33% used [0x00000000b5a00000,0x00000000b61152d0,0x00000000b6f00000)
GC Heap History (10 events):
Event: 9,678 GC heap after
Heap after GC invocations=7 (full 1):
 PSYoungGen      total 102400K, used 8481K [0x00000000eaa80000, 0x00000000f2580000, 0x0000000100000000)
  eden space 86528K, 0% used [0x00000000eaa80000,0x00000000eaa80000,0x00000000eff00000)
  from space 15872K, 53% used [0x00000000f0e00000,0x00000000f1648620,0x00000000f1d80000)
  to   space 15360K, 0% used [0x00000000eff00000,0x00000000eff00000,0x00000000f0e00000)
 ParOldGen       total 59904K, used 39616K [0x00000000c0000000, 0x00000000c3a80000, 0x00000000eaa80000)
  object space 59904K, 66% used [0x00000000c0000000,0x00000000c26b00e0,0x00000000c3a80000)
 PSPermGen       total 21504K, used 7131K [0x00000000b5a00000, 0x00000000b6f00000, 0x00000000c0000000)
  object space 21504K, 33% used [0x00000000b5a00000,0x00000000b60f6fb0,0x00000000b6f00000)
}
Event: 12,190 GC heap before
{Heap before GC invocations=8 (full 1):
 PSYoungGen      total 102400K, used 95009K [0x00000000eaa80000, 0x00000000f2580000, 0x0000000100000000)
  eden space 86528K, 100% used [0x00000000eaa80000,0x00000000eff00000,0x00000000eff00000)
  from space 15872K, 53% used [0x00000000f0e00000,0x00000000f1648620,0x00000000f1d80000)
  to   space 15360K, 0% used [0x00000000eff00000,0x00000000eff00000,0x00000000f0e00000)
 ParOldGen       total 59904K, used 39616K [0x00000000c0000000, 0x00000000c3a80000, 0x00000000eaa80000)
  object space 59904K, 66% used [0x00000000c0000000,0x00000000c26b00e0,0x00000000c3a80000)
 PSPermGen       total 21504K, used 7144K [0x00000000b5a00000, 0x00000000b6f00000, 0x00000000c0000000)
  object space 21504K, 33% used [0x00000000b5a00000,0x00000000b60fa228,0x00000000b6f00000)
Event: 12,722 GC heap after
Heap after GC invocations=8 (full 1):
 PSYoungGen      total 101888K, used 12509K [0x00000000eaa80000, 0x00000000f5c80000, 0x0000000100000000)
  eden space 86528K, 0% used [0x00000000eaa80000,0x00000000eaa80000,0x00000000eff00000)
  from space 15360K, 81% used [0x00000000eff00000,0x00000000f0b37518,0x00000000f0e00000)
  to   space 16384K, 0% used [0x00000000f4c80000,0x00000000f4c80000,0x00000000f5c80000)
 ParOldGen       total 59904K, used 39616K [0x00000000c0000000, 0x00000000c3a80000, 0x00000000eaa80000)
  object space 59904K, 66% used [0x00000000c0000000,0x00000000c26b00e0,0x00000000c3a80000)
 PSPermGen       total 21504K, used 7144K [0x00000000b5a00000, 0x00000000b6f00000, 0x00000000c0000000)
  object space 21504K, 33% used [0x00000000b5a00000,0x00000000b60fa228,0x00000000b6f00000)
}
Event: 13,218 GC heap before
{Heap before GC invocations=9 (full 1):
 PSYoungGen      total 101888K, used 97605K [0x00000000eaa80000, 0x00000000f5c80000, 0x0000000100000000)
  eden space 86528K, 98% used [0x00000000eaa80000,0x00000000efd9a1a8,0x00000000eff00000)
  from space 15360K, 81% used [0x00000000eff00000,0x00000000f0b37518,0x00000000f0e00000)
  to   space 16384K, 0% used [0x00000000f4c80000,0x00000000f4c80000,0x00000000f5c80000)
 ParOldGen       total 59904K, used 39616K [0x00000000c0000000, 0x00000000c3a80000, 0x00000000eaa80000)
  object space 59904K, 66% used [0x00000000c0000000,0x00000000c26b00e0,0x00000000c3a80000)
 PSPermGen       total 21504K, used 7239K [0x00000000b5a00000, 0x00000000b6f00000, 0x00000000c0000000)
  object space 21504K, 33% used [0x00000000b5a00000,0x00000000b6111e70,0x00000000b6f00000)
Event: 13,222 GC heap after
Heap after GC invocations=9 (full 1):
 PSYoungGen      total 157696K, used 3700K [0x00000000eaa80000, 0x00000000f5900000, 0x0000000100000000)
  eden space 144896K, 0% used [0x00000000eaa80000,0x00000000eaa80000,0x00000000f3800000)
  from space 12800K, 28% used [0x00000000f4c80000,0x00000000f501d2d8,0x00000000f5900000)
  to   space 16896K, 0% used [0x00000000f3800000,0x00000000f3800000,0x00000000f4880000)
 ParOldGen       total 59904K, used 40952K [0x00000000c0000000, 0x00000000c3a80000, 0x00000000eaa80000)
  object space 59904K, 68% used [0x00000000c0000000,0x00000000c27fe0b8,0x00000000c3a80000)
 PSPermGen       total 21504K, used 7239K [0x00000000b5a00000, 0x00000000b6f00000, 0x00000000c0000000)
  object space 21504K, 33% used [0x00000000b5a00000,0x00000000b6111e70,0x00000000b6f00000)
}
Event: 14,149 GC heap before
{Heap before GC invocations=10 (full 1):
 PSYoungGen      total 157696K, used 148596K [0x00000000eaa80000, 0x00000000f5900000, 0x0000000100000000)
  eden space 144896K, 100% used [0x00000000eaa80000,0x00000000f3800000,0x00000000f3800000)
  from space 12800K, 28% used [0x00000000f4c80000,0x00000000f501d2d8,0x00000000f5900000)
  to   space 16896K, 0% used [0x00000000f3800000,0x00000000f3800000,0x00000000f4880000)
 ParOldGen       total 59904K, used 40952K [0x00000000c0000000, 0x00000000c3a80000, 0x00000000eaa80000)
  object space 59904K, 68% used [0x00000000c0000000,0x00000000c27fe0b8,0x00000000c3a80000)
 PSPermGen       total 21504K, used 7247K [0x00000000b5a00000, 0x00000000b6f00000, 0x00000000c0000000)
  object space 21504K, 33% used [0x00000000b5a00000,0x00000000b6113da8,0x00000000b6f00000)
Event: 14,744 GC heap after
Heap after GC invocations=10 (full 1):
 PSYoungGen      total 161792K, used 16647K [0x00000000eaa80000, 0x00000000fa200000, 0x0000000100000000)
  eden space 144896K, 0% used [0x00000000eaa80000,0x00000000eaa80000,0x00000000f3800000)
  from space 16896K, 98% used [0x00000000f3800000,0x00000000f4841fd0,0x00000000f4880000)
  to   space 18944K, 0% used [0x00000000f8f80000,0x00000000f8f80000,0x00000000fa200000)
 ParOldGen       total 59904K, used 41814K [0x00000000c0000000, 0x00000000c3a80000, 0x00000000eaa80000)
  object space 59904K, 69% used [0x00000000c0000000,0x00000000c28d5998,0x00000000c3a80000)
 PSPermGen       total 21504K, used 7247K [0x00000000b5a00000, 0x00000000b6f00000, 0x00000000c0000000)
  object space 21504K, 33% used [0x00000000b5a00000,0x00000000b6113da8,0x00000000b6f00000)
}
Event: 14,956 GC heap before
{Heap before GC invocations=11 (full 1):
 PSYoungGen      total 161792K, used 161543K [0x00000000eaa80000, 0x00000000fa200000, 0x0000000100000000)
  eden space 144896K, 100% used [0x00000000eaa80000,0x00000000f3800000,0x00000000f3800000)
  from space 16896K, 98% used [0x00000000f3800000,0x00000000f4841fd0,0x00000000f4880000)
  to   space 18944K, 0% used [0x00000000f8f80000,0x00000000f8f80000,0x00000000fa200000)
 ParOldGen       total 59904K, used 41814K [0x00000000c0000000, 0x00000000c3a80000, 0x00000000eaa80000)
  object space 59904K, 69% used [0x00000000c0000000,0x00000000c28d5998,0x00000000c3a80000)
 PSPermGen       total 21504K, used 7251K [0x00000000b5a00000, 0x00000000b6f00000, 0x00000000c0000000)
  object space 21504K, 33% used [0x00000000b5a00000,0x00000000b6114cf8,0x00000000b6f00000)
Event: 15,048 GC heap after
Heap after GC invocations=11 (full 1):
 PSYoungGen      total 231936K, used 18929K [0x00000000eaa80000, 0x00000000fa980000, 0x0000000100000000)
  eden space 212992K, 0% used [0x00000000eaa80000,0x00000000eaa80000,0x00000000f7a80000)
  from space 18944K, 99% used [0x00000000f8f80000,0x00000000fa1fc4e0,0x00000000fa200000)
  to   space 21504K, 0% used [0x00000000f7a80000,0x00000000f7a80000,0x00000000f8f80000)
 ParOldGen       total 59904K, used 42150K [0x00000000c0000000, 0x00000000c3a80000, 0x00000000eaa80000)
  object space 59904K, 70% used [0x00000000c0000000,0x00000000c29299a8,0x00000000c3a80000)
 PSPermGen       total 21504K, used 7251K [0x00000000b5a00000, 0x00000000b6f00000, 0x00000000c0000000)
  object space 21504K, 33% used [0x00000000b5a00000,0x00000000b6114cf8,0x00000000b6f00000)
}
Event: 16,971 GC heap before
{Heap before GC invocations=12 (full 1):
 PSYoungGen      total 231936K, used 231921K [0x00000000eaa80000, 0x00000000fa980000, 0x0000000100000000)
  eden space 212992K, 100% used [0x00000000eaa80000,0x00000000f7a80000,0x00000000f7a80000)
  from space 18944K, 99% used [0x00000000f8f80000,0x00000000fa1fc4e0,0x00000000fa200000)
  to   space 21504K, 0% used [0x00000000f7a80000,0x00000000f7a80000,0x00000000f8f80000)
 ParOldGen       total 59904K, used 42150K [0x00000000c0000000, 0x00000000c3a80000, 0x00000000eaa80000)
  object space 59904K, 70% used [0x00000000c0000000,0x00000000c29299a8,0x00000000c3a80000)
 PSPermGen       total 21504K, used 7252K [0x00000000b5a00000, 0x00000000b6f00000, 0x00000000c0000000)
  object space 21504K, 33% used [0x00000000b5a00000,0x00000000b61152d0,0x00000000b6f00000)

