# JRE version: OpenJDK Runtime Environment (7.0_65-b32) (build 1.7.0_65-b32)
# Java VM: OpenJDK 64-Bit Server VM (24.65-b04 mixed mode linux-amd64 compressed oops)
Heap
 PSYoungGen      total 196096K, used 16275K [0x00000000eaa80000, 0x00000000f7b00000, 0x0000000100000000)
  eden space 179200K, 0% used [0x00000000eaa80000,0x00000000eaa80000,0x00000000f5980000)
  from space 16896K, 96% used [0x00000000f5a00000,0x00000000f69e4d18,0x00000000f6a80000)
  to   space 14336K, 0% used [0x00000000f6d00000,0x00000000f6d00000,0x00000000f7b00000)
 ParOldGen       total 72192K, used 34980K [0x00000000c0000000, 0x00000000c4680000, 0x00000000eaa80000)
  object space 72192K, 48% used [0x00000000c0000000,0x00000000c2229358,0x00000000c4680000)
 PSPermGen       total 21504K, used 7251K [0x00000000b5a00000, 0x00000000b6f00000, 0x00000000c0000000)
  object space 21504K, 33% used [0x00000000b5a00000,0x00000000b6114ec8,0x00000000b6f00000)
GC Heap History (10 events):
Event: 16,376 GC heap after
Heap after GC invocations=10 (full 1):
 PSYoungGen      total 107520K, used 8537K [0x00000000eaa80000, 0x00000000f4700000, 0x0000000100000000)
  eden space 91648K, 0% used [0x00000000eaa80000,0x00000000eaa80000,0x00000000f0400000)
  from space 15872K, 53% used [0x00000000f0400000,0x00000000f0c565e0,0x00000000f1380000)
  to   space 15360K, 0% used [0x00000000f3800000,0x00000000f3800000,0x00000000f4700000)
 ParOldGen       total 64000K, used 42979K [0x00000000c0000000, 0x00000000c3e80000, 0x00000000eaa80000)
  object space 64000K, 67% used [0x00000000c0000000,0x00000000c29f8c28,0x00000000c3e80000)
 PSPermGen       total 21504K, used 7240K [0x00000000b5a00000, 0x00000000b6f00000, 0x00000000c0000000)
  object space 21504K, 33% used [0x00000000b5a00000,0x00000000b61121c8,0x00000000b6f00000)
}
Event: 16,528 GC heap before
{Heap before GC invocations=11 (full 1):
 PSYoungGen      total 107520K, used 100185K [0x00000000eaa80000, 0x00000000f4700000, 0x0000000100000000)
  eden space 91648K, 100% used [0x00000000eaa80000,0x00000000f0400000,0x00000000f0400000)
  from space 15872K, 53% used [0x00000000f0400000,0x00000000f0c565e0,0x00000000f1380000)
  to   space 15360K, 0% used [0x00000000f3800000,0x00000000f3800000,0x00000000f4700000)
 ParOldGen       total 64000K, used 42979K [0x00000000c0000000, 0x00000000c3e80000, 0x00000000eaa80000)
  object space 64000K, 67% used [0x00000000c0000000,0x00000000c29f8c28,0x00000000c3e80000)
 PSPermGen       total 21504K, used 7246K [0x00000000b5a00000, 0x00000000b6f00000, 0x00000000c0000000)
  object space 21504K, 33% used [0x00000000b5a00000,0x00000000b6113ba8,0x00000000b6f00000)
Event: 17,828 GC heap after
Heap after GC invocations=11 (full 1):
 PSYoungGen      total 143872K, used 13062K [0x00000000eaa80000, 0x00000000f4d00000, 0x0000000100000000)
  eden space 128512K, 0% used [0x00000000eaa80000,0x00000000eaa80000,0x00000000f2800000)
  from space 15360K, 85% used [0x00000000f3800000,0x00000000f44c19b8,0x00000000f4700000)
  to   space 16384K, 0% used [0x00000000f2800000,0x00000000f2800000,0x00000000f3800000)
 ParOldGen       total 64000K, used 42987K [0x00000000c0000000, 0x00000000c3e80000, 0x00000000eaa80000)
  object space 64000K, 67% used [0x00000000c0000000,0x00000000c29fac28,0x00000000c3e80000)
 PSPermGen       total 21504K, used 7246K [0x00000000b5a00000, 0x00000000b6f00000, 0x00000000c0000000)
  object space 21504K, 33% used [0x00000000b5a00000,0x00000000b6113ba8,0x00000000b6f00000)
}
Event: 18,031 GC heap before
{Heap before GC invocations=12 (full 1):
 PSYoungGen      total 143872K, used 139194K [0x00000000eaa80000, 0x00000000f4d00000, 0x0000000100000000)
  eden space 128512K, 98% used [0x00000000eaa80000,0x00000000f25acea8,0x00000000f2800000)
  from space 15360K, 85% used [0x00000000f3800000,0x00000000f44c19b8,0x00000000f4700000)
  to   space 16384K, 0% used [0x00000000f2800000,0x00000000f2800000,0x00000000f3800000)
 ParOldGen       total 64000K, used 42987K [0x00000000c0000000, 0x00000000c3e80000, 0x00000000eaa80000)
  object space 64000K, 67% used [0x00000000c0000000,0x00000000c29fac28,0x00000000c3e80000)
 PSPermGen       total 21504K, used 7249K [0x00000000b5a00000, 0x00000000b6f00000, 0x00000000c0000000)
  object space 21504K, 33% used [0x00000000b5a00000,0x00000000b61147e8,0x00000000b6f00000)
Event: 18,039 GC heap after
Heap after GC invocations=12 (full 1):
 PSYoungGen      total 144896K, used 8526K [0x00000000eaa80000, 0x00000000f7c80000, 0x0000000100000000)
  eden space 128512K, 0% used [0x00000000eaa80000,0x00000000eaa80000,0x00000000f2800000)
  from space 16384K, 52% used [0x00000000f2800000,0x00000000f3053a98,0x00000000f3800000)
  to   space 15872K, 0% used [0x00000000f6d00000,0x00000000f6d00000,0x00000000f7c80000)
 ParOldGen       total 64000K, used 42995K [0x00000000c0000000, 0x00000000c3e80000, 0x00000000eaa80000)
  object space 64000K, 67% used [0x00000000c0000000,0x00000000c29fcc28,0x00000000c3e80000)
 PSPermGen       total 21504K, used 7249K [0x00000000b5a00000, 0x00000000b6f00000, 0x00000000c0000000)
  object space 21504K, 33% used [0x00000000b5a00000,0x00000000b61147e8,0x00000000b6f00000)
}
Event: 18,222 GC heap before
{Heap before GC invocations=13 (full 1):
 PSYoungGen      total 144896K, used 137038K [0x00000000eaa80000, 0x00000000f7c80000, 0x0000000100000000)
  eden space 128512K, 100% used [0x00000000eaa80000,0x00000000f2800000,0x00000000f2800000)
  from space 16384K, 52% used [0x00000000f2800000,0x00000000f3053a98,0x00000000f3800000)
  to   space 15872K, 0% used [0x00000000f6d00000,0x00000000f6d00000,0x00000000f7c80000)
 ParOldGen       total 64000K, used 42995K [0x00000000c0000000, 0x00000000c3e80000, 0x00000000eaa80000)
  object space 64000K, 67% used [0x00000000c0000000,0x00000000c29fcc28,0x00000000c3e80000)
 PSPermGen       total 21504K, used 7249K [0x00000000b5a00000, 0x00000000b6f00000, 0x00000000c0000000)
  object space 21504K, 33% used [0x00000000b5a00000,0x00000000b61147e8,0x00000000b6f00000)
Event: 19,869 GC heap after
Heap after GC invocations=13 (full 1):
 PSYoungGen      total 193536K, used 14288K [0x00000000eaa80000, 0x00000000f7b00000, 0x0000000100000000)
  eden space 179200K, 0% used [0x00000000eaa80000,0x00000000eaa80000,0x00000000f5980000)
  from space 14336K, 99% used [0x00000000f6d00000,0x00000000f7af4028,0x00000000f7b00000)
  to   space 16896K, 0% used [0x00000000f5a00000,0x00000000f5a00000,0x00000000f6a80000)
 ParOldGen       total 64000K, used 51878K [0x00000000c0000000, 0x00000000c3e80000, 0x00000000eaa80000)
  object space 64000K, 81% used [0x00000000c0000000,0x00000000c32a98c8,0x00000000c3e80000)
 PSPermGen       total 21504K, used 7249K [0x00000000b5a00000, 0x00000000b6f00000, 0x00000000c0000000)
  object space 21504K, 33% used [0x00000000b5a00000,0x00000000b61147e8,0x00000000b6f00000)
}
Event: 23,048 GC heap before
{Heap before GC invocations=14 (full 2):
 PSYoungGen      total 193536K, used 14288K [0x00000000eaa80000, 0x00000000f7b00000, 0x0000000100000000)
  eden space 179200K, 0% used [0x00000000eaa80000,0x00000000eaa80000,0x00000000f5980000)
  from space 14336K, 99% used [0x00000000f6d00000,0x00000000f7af4028,0x00000000f7b00000)
  to   space 16896K, 0% used [0x00000000f5a00000,0x00000000f5a00000,0x00000000f6a80000)
 ParOldGen       total 64000K, used 51878K [0x00000000c0000000, 0x00000000c3e80000, 0x00000000eaa80000)
  object space 64000K, 81% used [0x00000000c0000000,0x00000000c32a98c8,0x00000000c3e80000)
 PSPermGen       total 21504K, used 7249K [0x00000000b5a00000, 0x00000000b6f00000, 0x00000000c0000000)
  object space 21504K, 33% used [0x00000000b5a00000,0x00000000b61147e8,0x00000000b6f00000)
Event: 30,082 GC heap after
Heap after GC invocations=14 (full 2):
 PSYoungGen      total 193536K, used 0K [0x00000000eaa80000, 0x00000000f7b00000, 0x0000000100000000)
  eden space 179200K, 0% used [0x00000000eaa80000,0x00000000eaa80000,0x00000000f5980000)
  from space 14336K, 0% used [0x00000000f6d00000,0x00000000f6d00000,0x00000000f7b00000)
  to   space 16896K, 0% used [0x00000000f5a00000,0x00000000f5a00000,0x00000000f6a80000)
 ParOldGen       total 72192K, used 31593K [0x00000000c0000000, 0x00000000c4680000, 0x00000000eaa80000)
  object space 72192K, 43% used [0x00000000c0000000,0x00000000c1eda5b8,0x00000000c4680000)
 PSPermGen       total 21504K, used 7248K [0x00000000b5a00000, 0x00000000b6f00000, 0x00000000c0000000)
  object space 21504K, 33% used [0x00000000b5a00000,0x00000000b6114000,0x00000000b6f00000)
}
Event: 30,712 GC heap before
{Heap before GC invocations=15 (full 2):
 PSYoungGen      total 193536K, used 179200K [0x00000000eaa80000, 0x00000000f7b00000, 0x0000000100000000)
  eden space 179200K, 100% used [0x00000000eaa80000,0x00000000f5980000,0x00000000f5980000)
  from space 14336K, 0% used [0x00000000f6d00000,0x00000000f6d00000,0x00000000f7b00000)
  to   space 16896K, 0% used [0x00000000f5a00000,0x00000000f5a00000,0x00000000f6a80000)
 ParOldGen       total 72192K, used 31593K [0x00000000c0000000, 0x00000000c4680000, 0x00000000eaa80000)
  object space 72192K, 43% used [0x00000000c0000000,0x00000000c1eda5b8,0x00000000c4680000)
 PSPermGen       total 21504K, used 7251K [0x00000000b5a00000, 0x00000000b6f00000, 0x00000000c0000000)
  object space 21504K, 33% used [0x00000000b5a00000,0x00000000b6114ec8,0x00000000b6f00000)

