# JRE version: OpenJDK Runtime Environment (7.0_65-b32) (build 1.7.0_65-b32)
# Java VM: OpenJDK 64-Bit Server VM (24.65-b04 mixed mode linux-amd64 compressed oops)
Heap
 PSYoungGen      total 122368K, used 5942K [0x00000000eaa80000, 0x00000000f3300000, 0x0000000100000000)
  eden space 110080K, 0% used [0x00000000eaa80000,0x00000000eaa80000,0x00000000f1600000)
  from space 12288K, 48% used [0x00000000f1600000,0x00000000f1bcda08,0x00000000f2200000)
  to   space 12288K, 0% used [0x00000000f2200000,0x00000000f2200000,0x00000000f2e00000)
 ParOldGen       total 57344K, used 30674K [0x00000000c0000000, 0x00000000c3800000, 0x00000000eaa80000)
  object space 57344K, 53% used [0x00000000c0000000,0x00000000c1df48a0,0x00000000c3800000)
 PSPermGen       total 21504K, used 7240K [0x00000000b5a00000, 0x00000000b6f00000, 0x00000000c0000000)
  object space 21504K, 33% used [0x00000000b5a00000,0x00000000b6112030,0x00000000b6f00000)
GC Heap History (10 events):
Event: 28,281 GC heap after
Heap after GC invocations=7 (full 1):
 PSYoungGen      total 52224K, used 5627K [0x00000000eaa80000, 0x00000000ef400000, 0x0000000100000000)
  eden space 46592K, 0% used [0x00000000eaa80000,0x00000000eaa80000,0x00000000ed800000)
  from space 5632K, 99% used [0x00000000eee80000,0x00000000ef3fec88,0x00000000ef400000)
  to   space 12800K, 0% used [0x00000000edb00000,0x00000000edb00000,0x00000000ee780000)
 ParOldGen       total 57344K, used 28082K [0x00000000c0000000, 0x00000000c3800000, 0x00000000eaa80000)
  object space 57344K, 48% used [0x00000000c0000000,0x00000000c1b6ca80,0x00000000c3800000)
 PSPermGen       total 21504K, used 7069K [0x00000000b5a00000, 0x00000000b6f00000, 0x00000000c0000000)
  object space 21504K, 32% used [0x00000000b5a00000,0x00000000b60e7680,0x00000000b6f00000)
}
Event: 28,787 GC heap before
{Heap before GC invocations=8 (full 1):
 PSYoungGen      total 52224K, used 52219K [0x00000000eaa80000, 0x00000000ef400000, 0x0000000100000000)
  eden space 46592K, 100% used [0x00000000eaa80000,0x00000000ed800000,0x00000000ed800000)
  from space 5632K, 99% used [0x00000000eee80000,0x00000000ef3fec88,0x00000000ef400000)
  to   space 12800K, 0% used [0x00000000edb00000,0x00000000edb00000,0x00000000ee780000)
 ParOldGen       total 57344K, used 28082K [0x00000000c0000000, 0x00000000c3800000, 0x00000000eaa80000)
  object space 57344K, 48% used [0x00000000c0000000,0x00000000c1b6ca80,0x00000000c3800000)
 PSPermGen       total 21504K, used 7115K [0x00000000b5a00000, 0x00000000b6f00000, 0x00000000c0000000)
  object space 21504K, 33% used [0x00000000b5a00000,0x00000000b60f2e80,0x00000000b6f00000)
Event: 28,799 GC heap after
Heap after GC invocations=8 (full 1):
 PSYoungGen      total 62464K, used 5116K [0x00000000eaa80000, 0x00000000f0c80000, 0x0000000100000000)
  eden space 49664K, 0% used [0x00000000eaa80000,0x00000000eaa80000,0x00000000edb00000)
  from space 12800K, 39% used [0x00000000edb00000,0x00000000edfff358,0x00000000ee780000)
  to   space 12800K, 0% used [0x00000000f0000000,0x00000000f0000000,0x00000000f0c80000)
 ParOldGen       total 57344K, used 28082K [0x00000000c0000000, 0x00000000c3800000, 0x00000000eaa80000)
  object space 57344K, 48% used [0x00000000c0000000,0x00000000c1b6ca80,0x00000000c3800000)
 PSPermGen       total 21504K, used 7115K [0x00000000b5a00000, 0x00000000b6f00000, 0x00000000c0000000)
  object space 21504K, 33% used [0x00000000b5a00000,0x00000000b60f2e80,0x00000000b6f00000)
}
Event: 29,230 GC heap before
{Heap before GC invocations=9 (full 1):
 PSYoungGen      total 62464K, used 54080K [0x00000000eaa80000, 0x00000000f0c80000, 0x0000000100000000)
  eden space 49664K, 98% used [0x00000000eaa80000,0x00000000eda50f08,0x00000000edb00000)
  from space 12800K, 39% used [0x00000000edb00000,0x00000000edfff358,0x00000000ee780000)
  to   space 12800K, 0% used [0x00000000f0000000,0x00000000f0000000,0x00000000f0c80000)
 ParOldGen       total 57344K, used 28082K [0x00000000c0000000, 0x00000000c3800000, 0x00000000eaa80000)
  object space 57344K, 48% used [0x00000000c0000000,0x00000000c1b6ca80,0x00000000c3800000)
 PSPermGen       total 21504K, used 7132K [0x00000000b5a00000, 0x00000000b6f00000, 0x00000000c0000000)
  object space 21504K, 33% used [0x00000000b5a00000,0x00000000b60f71f8,0x00000000b6f00000)
Event: 29,324 GC heap after
Heap after GC invocations=9 (full 1):
 PSYoungGen      total 88064K, used 6163K [0x00000000eaa80000, 0x00000000f1900000, 0x0000000100000000)
  eden space 75264K, 0% used [0x00000000eaa80000,0x00000000eaa80000,0x00000000ef400000)
  from space 12800K, 48% used [0x00000000f0000000,0x00000000f0604f98,0x00000000f0c80000)
  to   space 12288K, 0% used [0x00000000ef400000,0x00000000ef400000,0x00000000f0000000)
 ParOldGen       total 57344K, used 28082K [0x00000000c0000000, 0x00000000c3800000, 0x00000000eaa80000)
  object space 57344K, 48% used [0x00000000c0000000,0x00000000c1b6ca80,0x00000000c3800000)
 PSPermGen       total 21504K, used 7132K [0x00000000b5a00000, 0x00000000b6f00000, 0x00000000c0000000)
  object space 21504K, 33% used [0x00000000b5a00000,0x00000000b60f71f8,0x00000000b6f00000)
}
Event: 32,857 GC heap before
{Heap before GC invocations=10 (full 1):
 PSYoungGen      total 88064K, used 81427K [0x00000000eaa80000, 0x00000000f1900000, 0x0000000100000000)
  eden space 75264K, 100% used [0x00000000eaa80000,0x00000000ef400000,0x00000000ef400000)
  from space 12800K, 48% used [0x00000000f0000000,0x00000000f0604f98,0x00000000f0c80000)
  to   space 12288K, 0% used [0x00000000ef400000,0x00000000ef400000,0x00000000f0000000)
 ParOldGen       total 57344K, used 28082K [0x00000000c0000000, 0x00000000c3800000, 0x00000000eaa80000)
  object space 57344K, 48% used [0x00000000c0000000,0x00000000c1b6ca80,0x00000000c3800000)
 PSPermGen       total 21504K, used 7138K [0x00000000b5a00000, 0x00000000b6f00000, 0x00000000c0000000)
  object space 21504K, 33% used [0x00000000b5a00000,0x00000000b60f8b10,0x00000000b6f00000)
Event: 33,006 GC heap after
Heap after GC invocations=10 (full 1):
 PSYoungGen      total 87552K, used 4796K [0x00000000eaa80000, 0x00000000f2e00000, 0x0000000100000000)
  eden space 75264K, 0% used [0x00000000eaa80000,0x00000000eaa80000,0x00000000ef400000)
  from space 12288K, 39% used [0x00000000ef400000,0x00000000ef8af168,0x00000000f0000000)
  to   space 12288K, 0% used [0x00000000f2200000,0x00000000f2200000,0x00000000f2e00000)
 ParOldGen       total 57344K, used 30658K [0x00000000c0000000, 0x00000000c3800000, 0x00000000eaa80000)
  object space 57344K, 53% used [0x00000000c0000000,0x00000000c1df08a0,0x00000000c3800000)
 PSPermGen       total 21504K, used 7138K [0x00000000b5a00000, 0x00000000b6f00000, 0x00000000c0000000)
  object space 21504K, 33% used [0x00000000b5a00000,0x00000000b60f8b10,0x00000000b6f00000)
}
Event: 33,365 GC heap before
{Heap before GC invocations=11 (full 1):
 PSYoungGen      total 87552K, used 80060K [0x00000000eaa80000, 0x00000000f2e00000, 0x0000000100000000)
  eden space 75264K, 100% used [0x00000000eaa80000,0x00000000ef400000,0x00000000ef400000)
  from space 12288K, 39% used [0x00000000ef400000,0x00000000ef8af168,0x00000000f0000000)
  to   space 12288K, 0% used [0x00000000f2200000,0x00000000f2200000,0x00000000f2e00000)
 ParOldGen       total 57344K, used 30658K [0x00000000c0000000, 0x00000000c3800000, 0x00000000eaa80000)
  object space 57344K, 53% used [0x00000000c0000000,0x00000000c1df08a0,0x00000000c3800000)
 PSPermGen       total 21504K, used 7234K [0x00000000b5a00000, 0x00000000b6f00000, 0x00000000c0000000)
  object space 21504K, 33% used [0x00000000b5a00000,0x00000000b61108c8,0x00000000b6f00000)
Event: 33,549 GC heap after
Heap after GC invocations=11 (full 1):
 PSYoungGen      total 122368K, used 8001K [0x00000000eaa80000, 0x00000000f3300000, 0x0000000100000000)
  eden space 110080K, 0% used [0x00000000eaa80000,0x00000000eaa80000,0x00000000f1600000)
  from space 12288K, 65% used [0x00000000f2200000,0x00000000f29d0648,0x00000000f2e00000)
  to   space 12288K, 0% used [0x00000000f1600000,0x00000000f1600000,0x00000000f2200000)
 ParOldGen       total 57344K, used 30666K [0x00000000c0000000, 0x00000000c3800000, 0x00000000eaa80000)
  object space 57344K, 53% used [0x00000000c0000000,0x00000000c1df28a0,0x00000000c3800000)
 PSPermGen       total 21504K, used 7234K [0x00000000b5a00000, 0x00000000b6f00000, 0x00000000c0000000)
  object space 21504K, 33% used [0x00000000b5a00000,0x00000000b61108c8,0x00000000b6f00000)
}
Event: 33,845 GC heap before
{Heap before GC invocations=12 (full 1):
 PSYoungGen      total 122368K, used 116649K [0x00000000eaa80000, 0x00000000f3300000, 0x0000000100000000)
  eden space 110080K, 98% used [0x00000000eaa80000,0x00000000f149a0a0,0x00000000f1600000)
  from space 12288K, 65% used [0x00000000f2200000,0x00000000f29d0648,0x00000000f2e00000)
  to   space 12288K, 0% used [0x00000000f1600000,0x00000000f1600000,0x00000000f2200000)
 ParOldGen       total 57344K, used 30666K [0x00000000c0000000, 0x00000000c3800000, 0x00000000eaa80000)
  object space 57344K, 53% used [0x00000000c0000000,0x00000000c1df28a0,0x00000000c3800000)
 PSPermGen       total 21504K, used 7240K [0x00000000b5a00000, 0x00000000b6f00000, 0x00000000c0000000)
  object space 21504K, 33% used [0x00000000b5a00000,0x00000000b6112030,0x00000000b6f00000)

