# JRE version: OpenJDK Runtime Environment (7.0_65-b32) (build 1.7.0_65-b32)
# Java VM: OpenJDK 64-Bit Server VM (24.65-b04 mixed mode linux-amd64 compressed oops)
Heap
 PSYoungGen      total 153600K, used 21246K [0x00000000eaa80000, 0x00000000f6000000, 0x0000000100000000)
  eden space 125952K, 0% used [0x00000000eaa80000,0x00000000eaa80000,0x00000000f2580000)
  from space 27648K, 76% used [0x00000000f2580000,0x00000000f3a3fa60,0x00000000f4080000)
  to   space 27648K, 0% used [0x00000000f4080000,0x00000000f4080000,0x00000000f5b80000)
 ParOldGen       total 67584K, used 53203K [0x00000000c0000000, 0x00000000c4200000, 0x00000000eaa80000)
  object space 67584K, 78% used [0x00000000c0000000,0x00000000c33f4d00,0x00000000c4200000)
 PSPermGen       total 21504K, used 7242K [0x00000000b5a00000, 0x00000000b6f00000, 0x00000000c0000000)
  object space 21504K, 33% used [0x00000000b5a00000,0x00000000b6112b40,0x00000000b6f00000)
GC Heap History (10 events):
Event: 7,330 GC heap after
Heap after GC invocations=11 (full 1):
 PSYoungGen      total 91136K, used 11975K [0x00000000eaa80000, 0x00000000f1700000, 0x0000000100000000)
  eden space 75264K, 0% used [0x00000000eaa80000,0x00000000eaa80000,0x00000000ef400000)
  from space 15872K, 75% used [0x00000000f0780000,0x00000000f1331fb8,0x00000000f1700000)
  to   space 17920K, 0% used [0x00000000ef400000,0x00000000ef400000,0x00000000f0580000)
 ParOldGen       total 67584K, used 36637K [0x00000000c0000000, 0x00000000c4200000, 0x00000000eaa80000)
  object space 67584K, 54% used [0x00000000c0000000,0x00000000c23c7580,0x00000000c4200000)
 PSPermGen       total 21504K, used 7230K [0x00000000b5a00000, 0x00000000b6f00000, 0x00000000c0000000)
  object space 21504K, 33% used [0x00000000b5a00000,0x00000000b610fb58,0x00000000b6f00000)
}
Event: 7,522 GC heap before
{Heap before GC invocations=12 (full 1):
 PSYoungGen      total 91136K, used 87239K [0x00000000eaa80000, 0x00000000f1700000, 0x0000000100000000)
  eden space 75264K, 100% used [0x00000000eaa80000,0x00000000ef400000,0x00000000ef400000)
  from space 15872K, 75% used [0x00000000f0780000,0x00000000f1331fb8,0x00000000f1700000)
  to   space 17920K, 0% used [0x00000000ef400000,0x00000000ef400000,0x00000000f0580000)
 ParOldGen       total 67584K, used 36637K [0x00000000c0000000, 0x00000000c4200000, 0x00000000eaa80000)
  object space 67584K, 54% used [0x00000000c0000000,0x00000000c23c7580,0x00000000c4200000)
 PSPermGen       total 21504K, used 7234K [0x00000000b5a00000, 0x00000000b6f00000, 0x00000000c0000000)
  object space 21504K, 33% used [0x00000000b5a00000,0x00000000b6110bb8,0x00000000b6f00000)
Event: 7,536 GC heap after
Heap after GC invocations=12 (full 1):
 PSYoungGen      total 93184K, used 17897K [0x00000000eaa80000, 0x00000000f2e80000, 0x0000000100000000)
  eden space 75264K, 0% used [0x00000000eaa80000,0x00000000eaa80000,0x00000000ef400000)
  from space 17920K, 99% used [0x00000000ef400000,0x00000000f057a438,0x00000000f0580000)
  to   space 20480K, 0% used [0x00000000f1a80000,0x00000000f1a80000,0x00000000f2e80000)
 ParOldGen       total 67584K, used 37594K [0x00000000c0000000, 0x00000000c4200000, 0x00000000eaa80000)
  object space 67584K, 55% used [0x00000000c0000000,0x00000000c24b6980,0x00000000c4200000)
 PSPermGen       total 21504K, used 7234K [0x00000000b5a00000, 0x00000000b6f00000, 0x00000000c0000000)
  object space 21504K, 33% used [0x00000000b5a00000,0x00000000b6110bb8,0x00000000b6f00000)
}
Event: 7,701 GC heap before
{Heap before GC invocations=13 (full 1):
 PSYoungGen      total 93184K, used 93161K [0x00000000eaa80000, 0x00000000f2e80000, 0x0000000100000000)
  eden space 75264K, 100% used [0x00000000eaa80000,0x00000000ef400000,0x00000000ef400000)
  from space 17920K, 99% used [0x00000000ef400000,0x00000000f057a438,0x00000000f0580000)
  to   space 20480K, 0% used [0x00000000f1a80000,0x00000000f1a80000,0x00000000f2e80000)
 ParOldGen       total 67584K, used 37594K [0x00000000c0000000, 0x00000000c4200000, 0x00000000eaa80000)
  object space 67584K, 55% used [0x00000000c0000000,0x00000000c24b6980,0x00000000c4200000)
 PSPermGen       total 21504K, used 7238K [0x00000000b5a00000, 0x00000000b6f00000, 0x00000000c0000000)
  object space 21504K, 33% used [0x00000000b5a00000,0x00000000b6111ab8,0x00000000b6f00000)
Event: 9,643 GC heap after
Heap after GC invocations=13 (full 1):
 PSYoungGen      total 108032K, used 20469K [0x00000000eaa80000, 0x00000000f4b00000, 0x0000000100000000)
  eden space 87552K, 0% used [0x00000000eaa80000,0x00000000eaa80000,0x00000000f0000000)
  from space 20480K, 99% used [0x00000000f1a80000,0x00000000f2e7d7e0,0x00000000f2e80000)
  to   space 27136K, 0% used [0x00000000f0000000,0x00000000f0000000,0x00000000f1a80000)
 ParOldGen       total 67584K, used 49539K [0x00000000c0000000, 0x00000000c4200000, 0x00000000eaa80000)
  object space 67584K, 73% used [0x00000000c0000000,0x00000000c3060c88,0x00000000c4200000)
 PSPermGen       total 21504K, used 7238K [0x00000000b5a00000, 0x00000000b6f00000, 0x00000000c0000000)
  object space 21504K, 33% used [0x00000000b5a00000,0x00000000b6111ab8,0x00000000b6f00000)
}
Event: 12,575 GC heap before
{Heap before GC invocations=14 (full 1):
 PSYoungGen      total 108032K, used 108021K [0x00000000eaa80000, 0x00000000f4b00000, 0x0000000100000000)
  eden space 87552K, 100% used [0x00000000eaa80000,0x00000000f0000000,0x00000000f0000000)
  from space 20480K, 99% used [0x00000000f1a80000,0x00000000f2e7d7e0,0x00000000f2e80000)
  to   space 27136K, 0% used [0x00000000f0000000,0x00000000f0000000,0x00000000f1a80000)
 ParOldGen       total 67584K, used 49539K [0x00000000c0000000, 0x00000000c4200000, 0x00000000eaa80000)
  object space 67584K, 73% used [0x00000000c0000000,0x00000000c3060c88,0x00000000c4200000)
 PSPermGen       total 21504K, used 7241K [0x00000000b5a00000, 0x00000000b6f00000, 0x00000000c0000000)
  object space 21504K, 33% used [0x00000000b5a00000,0x00000000b6112458,0x00000000b6f00000)
Event: 13,556 GC heap after
Heap after GC invocations=14 (full 1):
 PSYoungGen      total 114688K, used 17584K [0x00000000eaa80000, 0x00000000f5b80000, 0x0000000100000000)
  eden space 87552K, 0% used [0x00000000eaa80000,0x00000000eaa80000,0x00000000f0000000)
  from space 27136K, 64% used [0x00000000f0000000,0x00000000f112c358,0x00000000f1a80000)
  to   space 27648K, 0% used [0x00000000f4080000,0x00000000f4080000,0x00000000f5b80000)
 ParOldGen       total 67584K, used 50739K [0x00000000c0000000, 0x00000000c4200000, 0x00000000eaa80000)
  object space 67584K, 75% used [0x00000000c0000000,0x00000000c318ce38,0x00000000c4200000)
 PSPermGen       total 21504K, used 7241K [0x00000000b5a00000, 0x00000000b6f00000, 0x00000000c0000000)
  object space 21504K, 33% used [0x00000000b5a00000,0x00000000b6112458,0x00000000b6f00000)
}
Event: 15,102 GC heap before
{Heap before GC invocations=15 (full 1):
 PSYoungGen      total 114688K, used 105136K [0x00000000eaa80000, 0x00000000f5b80000, 0x0000000100000000)
  eden space 87552K, 100% used [0x00000000eaa80000,0x00000000f0000000,0x00000000f0000000)
  from space 27136K, 64% used [0x00000000f0000000,0x00000000f112c358,0x00000000f1a80000)
  to   space 27648K, 0% used [0x00000000f4080000,0x00000000f4080000,0x00000000f5b80000)
 ParOldGen       total 67584K, used 50739K [0x00000000c0000000, 0x00000000c4200000, 0x00000000eaa80000)
  object space 67584K, 75% used [0x00000000c0000000,0x00000000c318ce38,0x00000000c4200000)
 PSPermGen       total 21504K, used 7241K [0x00000000b5a00000, 0x00000000b6f00000, 0x00000000c0000000)
  object space 21504K, 33% used [0x00000000b5a00000,0x00000000b6112458,0x00000000b6f00000)
Event: 28,020 GC heap after
Heap after GC invocations=15 (full 1):
 PSYoungGen      total 153600K, used 17792K [0x00000000eaa80000, 0x00000000f6000000, 0x0000000100000000)
  eden space 125952K, 0% used [0x00000000eaa80000,0x00000000eaa80000,0x00000000f2580000)
  from space 27648K, 64% used [0x00000000f4080000,0x00000000f51e02d0,0x00000000f5b80000)
  to   space 27648K, 0% used [0x00000000f2580000,0x00000000f2580000,0x00000000f4080000)
 ParOldGen       total 67584K, used 53195K [0x00000000c0000000, 0x00000000c4200000, 0x00000000eaa80000)
  object space 67584K, 78% used [0x00000000c0000000,0x00000000c33f2d00,0x00000000c4200000)
 PSPermGen       total 21504K, used 7241K [0x00000000b5a00000, 0x00000000b6f00000, 0x00000000c0000000)
  object space 21504K, 33% used [0x00000000b5a00000,0x00000000b6112458,0x00000000b6f00000)
}
Event: 52,928 GC heap before
{Heap before GC invocations=16 (full 1):
 PSYoungGen      total 153600K, used 143744K [0x00000000eaa80000, 0x00000000f6000000, 0x0000000100000000)
  eden space 125952K, 100% used [0x00000000eaa80000,0x00000000f2580000,0x00000000f2580000)
  from space 27648K, 64% used [0x00000000f4080000,0x00000000f51e02d0,0x00000000f5b80000)
  to   space 27648K, 0% used [0x00000000f2580000,0x00000000f2580000,0x00000000f4080000)
 ParOldGen       total 67584K, used 53195K [0x00000000c0000000, 0x00000000c4200000, 0x00000000eaa80000)
  object space 67584K, 78% used [0x00000000c0000000,0x00000000c33f2d00,0x00000000c4200000)
 PSPermGen       total 21504K, used 7242K [0x00000000b5a00000, 0x00000000b6f00000, 0x00000000c0000000)
  object space 21504K, 33% used [0x00000000b5a00000,0x00000000b6112b40,0x00000000b6f00000)

