# JRE version: OpenJDK Runtime Environment (7.0_65-b32) (build 1.7.0_65-b32)
# Java VM: OpenJDK 64-Bit Server VM (24.65-b04 mixed mode linux-amd64 compressed oops)
Heap
 PSYoungGen      total 243712K, used 14319K [0x00000000eaa80000, 0x00000000fb180000, 0x0000000100000000)
  eden space 218112K, 0% used [0x00000000eaa80000,0x00000000eaa80000,0x00000000f7f80000)
  from space 25600K, 55% used [0x00000000f7f80000,0x00000000f8d7bfe0,0x00000000f9880000)
  to   space 23552K, 0% used [0x00000000f9a80000,0x00000000f9a80000,0x00000000fb180000)
 ParOldGen       total 71680K, used 33296K [0x00000000c0000000, 0x00000000c4600000, 0x00000000eaa80000)
  object space 71680K, 46% used [0x00000000c0000000,0x00000000c2084058,0x00000000c4600000)
 PSPermGen       total 21504K, used 7235K [0x00000000b5a00000, 0x00000000b6f00000, 0x00000000c0000000)
  object space 21504K, 33% used [0x00000000b5a00000,0x00000000b6110de0,0x00000000b6f00000)
GC Heap History (10 events):
Event: 7,491 GC heap after
Heap after GC invocations=12 (full 1):
 PSYoungGen      total 114688K, used 14788K [0x00000000eaa80000, 0x00000000f5c80000, 0x0000000100000000)
  eden space 99328K, 0% used [0x00000000eaa80000,0x00000000eaa80000,0x00000000f0b80000)
  from space 15360K, 96% used [0x00000000f0b80000,0x00000000f19f11e8,0x00000000f1a80000)
  to   space 17408K, 0% used [0x00000000f4b80000,0x00000000f4b80000,0x00000000f5c80000)
 ParOldGen       total 52224K, used 35272K [0x00000000c0000000, 0x00000000c3300000, 0x00000000eaa80000)
  object space 52224K, 67% used [0x00000000c0000000,0x00000000c2272170,0x00000000c3300000)
 PSPermGen       total 21504K, used 7225K [0x00000000b5a00000, 0x00000000b6f00000, 0x00000000c0000000)
  object space 21504K, 33% used [0x00000000b5a00000,0x00000000b610e4a0,0x00000000b6f00000)
}
Event: 7,644 GC heap before
{Heap before GC invocations=13 (full 1):
 PSYoungGen      total 114688K, used 114116K [0x00000000eaa80000, 0x00000000f5c80000, 0x0000000100000000)
  eden space 99328K, 100% used [0x00000000eaa80000,0x00000000f0b80000,0x00000000f0b80000)
  from space 15360K, 96% used [0x00000000f0b80000,0x00000000f19f11e8,0x00000000f1a80000)
  to   space 17408K, 0% used [0x00000000f4b80000,0x00000000f4b80000,0x00000000f5c80000)
 ParOldGen       total 52224K, used 35272K [0x00000000c0000000, 0x00000000c3300000, 0x00000000eaa80000)
  object space 52224K, 67% used [0x00000000c0000000,0x00000000c2272170,0x00000000c3300000)
 PSPermGen       total 21504K, used 7229K [0x00000000b5a00000, 0x00000000b6f00000, 0x00000000c0000000)
  object space 21504K, 33% used [0x00000000b5a00000,0x00000000b610f6a8,0x00000000b6f00000)
Event: 7,652 GC heap after
Heap after GC invocations=13 (full 1):
 PSYoungGen      total 158720K, used 17405K [0x00000000eaa80000, 0x00000000f6700000, 0x0000000100000000)
  eden space 141312K, 0% used [0x00000000eaa80000,0x00000000eaa80000,0x00000000f3480000)
  from space 17408K, 99% used [0x00000000f4b80000,0x00000000f5c7f6a0,0x00000000f5c80000)
  to   space 23552K, 0% used [0x00000000f3480000,0x00000000f3480000,0x00000000f4b80000)
 ParOldGen       total 52224K, used 46259K [0x00000000c0000000, 0x00000000c3300000, 0x00000000eaa80000)
  object space 52224K, 88% used [0x00000000c0000000,0x00000000c2d2ce28,0x00000000c3300000)
 PSPermGen       total 21504K, used 7229K [0x00000000b5a00000, 0x00000000b6f00000, 0x00000000c0000000)
  object space 21504K, 33% used [0x00000000b5a00000,0x00000000b610f6a8,0x00000000b6f00000)
}
Event: 7,652 GC heap before
{Heap before GC invocations=14 (full 2):
 PSYoungGen      total 158720K, used 17405K [0x00000000eaa80000, 0x00000000f6700000, 0x0000000100000000)
  eden space 141312K, 0% used [0x00000000eaa80000,0x00000000eaa80000,0x00000000f3480000)
  from space 17408K, 99% used [0x00000000f4b80000,0x00000000f5c7f6a0,0x00000000f5c80000)
  to   space 23552K, 0% used [0x00000000f3480000,0x00000000f3480000,0x00000000f4b80000)
 ParOldGen       total 52224K, used 46259K [0x00000000c0000000, 0x00000000c3300000, 0x00000000eaa80000)
  object space 52224K, 88% used [0x00000000c0000000,0x00000000c2d2ce28,0x00000000c3300000)
 PSPermGen       total 21504K, used 7229K [0x00000000b5a00000, 0x00000000b6f00000, 0x00000000c0000000)
  object space 21504K, 33% used [0x00000000b5a00000,0x00000000b610f6a8,0x00000000b6f00000)
Event: 7,697 GC heap after
Heap after GC invocations=14 (full 2):
 PSYoungGen      total 158720K, used 0K [0x00000000eaa80000, 0x00000000f6700000, 0x0000000100000000)
  eden space 141312K, 0% used [0x00000000eaa80000,0x00000000eaa80000,0x00000000f3480000)
  from space 17408K, 0% used [0x00000000f4b80000,0x00000000f4b80000,0x00000000f5c80000)
  to   space 23552K, 0% used [0x00000000f3480000,0x00000000f3480000,0x00000000f4b80000)
 ParOldGen       total 71680K, used 33288K [0x00000000c0000000, 0x00000000c4600000, 0x00000000eaa80000)
  object space 71680K, 46% used [0x00000000c0000000,0x00000000c2082058,0x00000000c4600000)
 PSPermGen       total 21504K, used 7228K [0x00000000b5a00000, 0x00000000b6f00000, 0x00000000c0000000)
  object space 21504K, 33% used [0x00000000b5a00000,0x00000000b610f1d0,0x00000000b6f00000)
}
Event: 8,082 GC heap before
{Heap before GC invocations=15 (full 2):
 PSYoungGen      total 158720K, used 141312K [0x00000000eaa80000, 0x00000000f6700000, 0x0000000100000000)
  eden space 141312K, 100% used [0x00000000eaa80000,0x00000000f3480000,0x00000000f3480000)
  from space 17408K, 0% used [0x00000000f4b80000,0x00000000f4b80000,0x00000000f5c80000)
  to   space 23552K, 0% used [0x00000000f3480000,0x00000000f3480000,0x00000000f4b80000)
 ParOldGen       total 71680K, used 33288K [0x00000000c0000000, 0x00000000c4600000, 0x00000000eaa80000)
  object space 71680K, 46% used [0x00000000c0000000,0x00000000c2082058,0x00000000c4600000)
 PSPermGen       total 21504K, used 7230K [0x00000000b5a00000, 0x00000000b6f00000, 0x00000000c0000000)
  object space 21504K, 33% used [0x00000000b5a00000,0x00000000b610f868,0x00000000b6f00000)
Event: 9,108 GC heap after
Heap after GC invocations=15 (full 2):
 PSYoungGen      total 164864K, used 20830K [0x00000000eaa80000, 0x00000000fb400000, 0x0000000100000000)
  eden space 141312K, 0% used [0x00000000eaa80000,0x00000000eaa80000,0x00000000f3480000)
  from space 23552K, 88% used [0x00000000f3480000,0x00000000f48d7a20,0x00000000f4b80000)
  to   space 26112K, 0% used [0x00000000f9a80000,0x00000000f9a80000,0x00000000fb400000)
 ParOldGen       total 71680K, used 33288K [0x00000000c0000000, 0x00000000c4600000, 0x00000000eaa80000)
  object space 71680K, 46% used [0x00000000c0000000,0x00000000c2082058,0x00000000c4600000)
 PSPermGen       total 21504K, used 7230K [0x00000000b5a00000, 0x00000000b6f00000, 0x00000000c0000000)
  object space 21504K, 33% used [0x00000000b5a00000,0x00000000b610f868,0x00000000b6f00000)
}
Event: 9,302 GC heap before
{Heap before GC invocations=16 (full 2):
 PSYoungGen      total 164864K, used 162142K [0x00000000eaa80000, 0x00000000fb400000, 0x0000000100000000)
  eden space 141312K, 100% used [0x00000000eaa80000,0x00000000f3480000,0x00000000f3480000)
  from space 23552K, 88% used [0x00000000f3480000,0x00000000f48d7a20,0x00000000f4b80000)
  to   space 26112K, 0% used [0x00000000f9a80000,0x00000000f9a80000,0x00000000fb400000)
 ParOldGen       total 71680K, used 33288K [0x00000000c0000000, 0x00000000c4600000, 0x00000000eaa80000)
  object space 71680K, 46% used [0x00000000c0000000,0x00000000c2082058,0x00000000c4600000)
 PSPermGen       total 21504K, used 7231K [0x00000000b5a00000, 0x00000000b6f00000, 0x00000000c0000000)
  object space 21504K, 33% used [0x00000000b5a00000,0x00000000b610fcd8,0x00000000b6f00000)
Event: 9,306 GC heap after
Heap after GC invocations=16 (full 2):
 PSYoungGen      total 241664K, used 13737K [0x00000000eaa80000, 0x00000000fb180000, 0x0000000100000000)
  eden space 218112K, 0% used [0x00000000eaa80000,0x00000000eaa80000,0x00000000f7f80000)
  from space 23552K, 58% used [0x00000000f9a80000,0x00000000fa7ea480,0x00000000fb180000)
  to   space 25600K, 0% used [0x00000000f7f80000,0x00000000f7f80000,0x00000000f9880000)
 ParOldGen       total 71680K, used 33296K [0x00000000c0000000, 0x00000000c4600000, 0x00000000eaa80000)
  object space 71680K, 46% used [0x00000000c0000000,0x00000000c2084058,0x00000000c4600000)
 PSPermGen       total 21504K, used 7231K [0x00000000b5a00000, 0x00000000b6f00000, 0x00000000c0000000)
  object space 21504K, 33% used [0x00000000b5a00000,0x00000000b610fcd8,0x00000000b6f00000)
}
Event: 25,098 GC heap before
{Heap before GC invocations=17 (full 2):
 PSYoungGen      total 241664K, used 231849K [0x00000000eaa80000, 0x00000000fb180000, 0x0000000100000000)
  eden space 218112K, 100% used [0x00000000eaa80000,0x00000000f7f80000,0x00000000f7f80000)
  from space 23552K, 58% used [0x00000000f9a80000,0x00000000fa7ea480,0x00000000fb180000)
  to   space 25600K, 0% used [0x00000000f7f80000,0x00000000f7f80000,0x00000000f9880000)
 ParOldGen       total 71680K, used 33296K [0x00000000c0000000, 0x00000000c4600000, 0x00000000eaa80000)
  object space 71680K, 46% used [0x00000000c0000000,0x00000000c2084058,0x00000000c4600000)
 PSPermGen       total 21504K, used 7235K [0x00000000b5a00000, 0x00000000b6f00000, 0x00000000c0000000)
  object space 21504K, 33% used [0x00000000b5a00000,0x00000000b6110de0,0x00000000b6f00000)

