# JRE version: OpenJDK Runtime Environment (7.0_65-b32) (build 1.7.0_65-b32)
# Java VM: OpenJDK 64-Bit Server VM (24.65-b04 mixed mode linux-amd64 compressed oops)
Heap
 PSYoungGen      total 123904K, used 18892K [0x00000000eaa80000, 0x00000000f3e00000, 0x0000000100000000)
  eden space 103424K, 0% used [0x00000000eaa80000,0x00000000eaa80000,0x00000000f0f80000)
  from space 20480K, 92% used [0x00000000f0f80000,0x00000000f21f3190,0x00000000f2380000)
  to   space 16896K, 0% used [0x00000000f2380000,0x00000000f2380000,0x00000000f3400000)
 ParOldGen       total 53248K, used 38168K [0x00000000c0000000, 0x00000000c3400000, 0x00000000eaa80000)
  object space 53248K, 71% used [0x00000000c0000000,0x00000000c2546058,0x00000000c3400000)
 PSPermGen       total 21504K, used 7255K [0x00000000b5a00000, 0x00000000b6f00000, 0x00000000c0000000)
  object space 21504K, 33% used [0x00000000b5a00000,0x00000000b6115db0,0x00000000b6f00000)
GC Heap History (10 events):
Event: 13,019 GC heap after
Heap after GC invocations=9 (full 1):
 PSYoungGen      total 74752K, used 11804K [0x00000000eaa80000, 0x00000000f0f80000, 0x0000000100000000)
  eden space 62464K, 0% used [0x00000000eaa80000,0x00000000eaa80000,0x00000000ee780000)
  from space 12288K, 96% used [0x00000000ef480000,0x00000000f0007098,0x00000000f0080000)
  to   space 13312K, 0% used [0x00000000ee780000,0x00000000ee780000,0x00000000ef480000)
 ParOldGen       total 53248K, used 21437K [0x00000000c0000000, 0x00000000c3400000, 0x00000000eaa80000)
  object space 53248K, 40% used [0x00000000c0000000,0x00000000c14ef588,0x00000000c3400000)
 PSPermGen       total 21504K, used 7134K [0x00000000b5a00000, 0x00000000b6f00000, 0x00000000c0000000)
  object space 21504K, 33% used [0x00000000b5a00000,0x00000000b60f78c0,0x00000000b6f00000)
}
Event: 13,955 GC heap before
{Heap before GC invocations=10 (full 1):
 PSYoungGen      total 74752K, used 74268K [0x00000000eaa80000, 0x00000000f0f80000, 0x0000000100000000)
  eden space 62464K, 100% used [0x00000000eaa80000,0x00000000ee780000,0x00000000ee780000)
  from space 12288K, 96% used [0x00000000ef480000,0x00000000f0007098,0x00000000f0080000)
  to   space 13312K, 0% used [0x00000000ee780000,0x00000000ee780000,0x00000000ef480000)
 ParOldGen       total 53248K, used 21437K [0x00000000c0000000, 0x00000000c3400000, 0x00000000eaa80000)
  object space 53248K, 40% used [0x00000000c0000000,0x00000000c14ef588,0x00000000c3400000)
 PSPermGen       total 21504K, used 7233K [0x00000000b5a00000, 0x00000000b6f00000, 0x00000000c0000000)
  object space 21504K, 33% used [0x00000000b5a00000,0x00000000b6110550,0x00000000b6f00000)
Event: 13,960 GC heap after
Heap after GC invocations=10 (full 1):
 PSYoungGen      total 75776K, used 12265K [0x00000000eaa80000, 0x00000000f1500000, 0x0000000100000000)
  eden space 62464K, 0% used [0x00000000eaa80000,0x00000000eaa80000,0x00000000ee780000)
  from space 13312K, 92% used [0x00000000ee780000,0x00000000ef37a5b0,0x00000000ef480000)
  to   space 14336K, 0% used [0x00000000f0700000,0x00000000f0700000,0x00000000f1500000)
 ParOldGen       total 53248K, used 21445K [0x00000000c0000000, 0x00000000c3400000, 0x00000000eaa80000)
  object space 53248K, 40% used [0x00000000c0000000,0x00000000c14f1588,0x00000000c3400000)
 PSPermGen       total 21504K, used 7233K [0x00000000b5a00000, 0x00000000b6f00000, 0x00000000c0000000)
  object space 21504K, 33% used [0x00000000b5a00000,0x00000000b6110550,0x00000000b6f00000)
}
Event: 14,140 GC heap before
{Heap before GC invocations=11 (full 1):
 PSYoungGen      total 75776K, used 74729K [0x00000000eaa80000, 0x00000000f1500000, 0x0000000100000000)
  eden space 62464K, 100% used [0x00000000eaa80000,0x00000000ee780000,0x00000000ee780000)
  from space 13312K, 92% used [0x00000000ee780000,0x00000000ef37a5b0,0x00000000ef480000)
  to   space 14336K, 0% used [0x00000000f0700000,0x00000000f0700000,0x00000000f1500000)
 ParOldGen       total 53248K, used 21445K [0x00000000c0000000, 0x00000000c3400000, 0x00000000eaa80000)
  object space 53248K, 40% used [0x00000000c0000000,0x00000000c14f1588,0x00000000c3400000)
 PSPermGen       total 21504K, used 7240K [0x00000000b5a00000, 0x00000000b6f00000, 0x00000000c0000000)
  object space 21504K, 33% used [0x00000000b5a00000,0x00000000b61121e8,0x00000000b6f00000)
Event: 14,158 GC heap after
Heap after GC invocations=11 (full 1):
 PSYoungGen      total 93696K, used 12461K [0x00000000eaa80000, 0x00000000f1b80000, 0x0000000100000000)
  eden space 79360K, 0% used [0x00000000eaa80000,0x00000000eaa80000,0x00000000ef800000)
  from space 14336K, 86% used [0x00000000f0700000,0x00000000f132b768,0x00000000f1500000)
  to   space 15360K, 0% used [0x00000000ef800000,0x00000000ef800000,0x00000000f0700000)
 ParOldGen       total 53248K, used 25061K [0x00000000c0000000, 0x00000000c3400000, 0x00000000eaa80000)
  object space 53248K, 47% used [0x00000000c0000000,0x00000000c18797b8,0x00000000c3400000)
 PSPermGen       total 21504K, used 7240K [0x00000000b5a00000, 0x00000000b6f00000, 0x00000000c0000000)
  object space 21504K, 33% used [0x00000000b5a00000,0x00000000b61121e8,0x00000000b6f00000)
}
Event: 14,321 GC heap before
{Heap before GC invocations=12 (full 1):
 PSYoungGen      total 93696K, used 91821K [0x00000000eaa80000, 0x00000000f1b80000, 0x0000000100000000)
  eden space 79360K, 100% used [0x00000000eaa80000,0x00000000ef800000,0x00000000ef800000)
  from space 14336K, 86% used [0x00000000f0700000,0x00000000f132b768,0x00000000f1500000)
  to   space 15360K, 0% used [0x00000000ef800000,0x00000000ef800000,0x00000000f0700000)
 ParOldGen       total 53248K, used 25061K [0x00000000c0000000, 0x00000000c3400000, 0x00000000eaa80000)
  object space 53248K, 47% used [0x00000000c0000000,0x00000000c18797b8,0x00000000c3400000)
 PSPermGen       total 21504K, used 7247K [0x00000000b5a00000, 0x00000000b6f00000, 0x00000000c0000000)
  object space 21504K, 33% used [0x00000000b5a00000,0x00000000b6113c80,0x00000000b6f00000)
Event: 14,327 GC heap after
Heap after GC invocations=12 (full 1):
 PSYoungGen      total 94720K, used 15341K [0x00000000eaa80000, 0x00000000f3400000, 0x0000000100000000)
  eden space 79360K, 0% used [0x00000000eaa80000,0x00000000eaa80000,0x00000000ef800000)
  from space 15360K, 99% used [0x00000000ef800000,0x00000000f06fb600,0x00000000f0700000)
  to   space 16896K, 0% used [0x00000000f2380000,0x00000000f2380000,0x00000000f3400000)
 ParOldGen       total 53248K, used 25245K [0x00000000c0000000, 0x00000000c3400000, 0x00000000eaa80000)
  object space 53248K, 47% used [0x00000000c0000000,0x00000000c18a77b8,0x00000000c3400000)
 PSPermGen       total 21504K, used 7247K [0x00000000b5a00000, 0x00000000b6f00000, 0x00000000c0000000)
  object space 21504K, 33% used [0x00000000b5a00000,0x00000000b6113c80,0x00000000b6f00000)
}
Event: 14,458 GC heap before
{Heap before GC invocations=13 (full 1):
 PSYoungGen      total 94720K, used 94701K [0x00000000eaa80000, 0x00000000f3400000, 0x0000000100000000)
  eden space 79360K, 100% used [0x00000000eaa80000,0x00000000ef800000,0x00000000ef800000)
  from space 15360K, 99% used [0x00000000ef800000,0x00000000f06fb600,0x00000000f0700000)
  to   space 16896K, 0% used [0x00000000f2380000,0x00000000f2380000,0x00000000f3400000)
 ParOldGen       total 53248K, used 25245K [0x00000000c0000000, 0x00000000c3400000, 0x00000000eaa80000)
  object space 53248K, 47% used [0x00000000c0000000,0x00000000c18a77b8,0x00000000c3400000)
 PSPermGen       total 21504K, used 7253K [0x00000000b5a00000, 0x00000000b6f00000, 0x00000000c0000000)
  object space 21504K, 33% used [0x00000000b5a00000,0x00000000b6115428,0x00000000b6f00000)
Event: 14,471 GC heap after
Heap after GC invocations=13 (full 1):
 PSYoungGen      total 120320K, used 16893K [0x00000000eaa80000, 0x00000000f3e00000, 0x0000000100000000)
  eden space 103424K, 0% used [0x00000000eaa80000,0x00000000eaa80000,0x00000000f0f80000)
  from space 16896K, 99% used [0x00000000f2380000,0x00000000f33ff7e8,0x00000000f3400000)
  to   space 20480K, 0% used [0x00000000f0f80000,0x00000000f0f80000,0x00000000f2380000)
 ParOldGen       total 53248K, used 29743K [0x00000000c0000000, 0x00000000c3400000, 0x00000000eaa80000)
  object space 53248K, 55% used [0x00000000c0000000,0x00000000c1d0bea8,0x00000000c3400000)
 PSPermGen       total 21504K, used 7253K [0x00000000b5a00000, 0x00000000b6f00000, 0x00000000c0000000)
  object space 21504K, 33% used [0x00000000b5a00000,0x00000000b6115428,0x00000000b6f00000)
}
Event: 14,638 GC heap before
{Heap before GC invocations=14 (full 1):
 PSYoungGen      total 120320K, used 120317K [0x00000000eaa80000, 0x00000000f3e00000, 0x0000000100000000)
  eden space 103424K, 100% used [0x00000000eaa80000,0x00000000f0f80000,0x00000000f0f80000)
  from space 16896K, 99% used [0x00000000f2380000,0x00000000f33ff7e8,0x00000000f3400000)
  to   space 20480K, 0% used [0x00000000f0f80000,0x00000000f0f80000,0x00000000f2380000)
 ParOldGen       total 53248K, used 29743K [0x00000000c0000000, 0x00000000c3400000, 0x00000000eaa80000)
  object space 53248K, 55% used [0x00000000c0000000,0x00000000c1d0bea8,0x00000000c3400000)
 PSPermGen       total 21504K, used 7255K [0x00000000b5a00000, 0x00000000b6f00000, 0x00000000c0000000)
  object space 21504K, 33% used [0x00000000b5a00000,0x00000000b6115db0,0x00000000b6f00000)

