# JRE version: OpenJDK Runtime Environment (7.0_65-b32) (build 1.7.0_65-b32)
# Java VM: OpenJDK 64-Bit Server VM (24.65-b04 mixed mode linux-amd64 compressed oops)
Heap
 PSYoungGen      total 181760K, used 12965K [0x00000000eaa80000, 0x00000000f6980000, 0x0000000100000000)
  eden space 167936K, 0% used [0x00000000eaa80000,0x00000000eaa80000,0x00000000f4e80000)
  from space 13824K, 93% used [0x00000000f4e80000,0x00000000f5b297f8,0x00000000f5c00000)
  to   space 11264K, 0% used [0x00000000f5e80000,0x00000000f5e80000,0x00000000f6980000)
 ParOldGen       total 67584K, used 57740K [0x00000000c0000000, 0x00000000c4200000, 0x00000000eaa80000)
  object space 67584K, 85% used [0x00000000c0000000,0x00000000c38631d0,0x00000000c4200000)
 PSPermGen       total 21504K, used 7228K [0x00000000b5a00000, 0x00000000b6f00000, 0x00000000c0000000)
  object space 21504K, 33% used [0x00000000b5a00000,0x00000000b610f350,0x00000000b6f00000)
GC Heap History (10 events):
Event: 7,245 GC heap after
Heap after GC invocations=11 (full 1):
 PSYoungGen      total 88064K, used 8501K [0x00000000eaa80000, 0x00000000f1000000, 0x0000000100000000)
  eden space 76288K, 0% used [0x00000000eaa80000,0x00000000eaa80000,0x00000000ef500000)
  from space 11776K, 72% used [0x00000000f0480000,0x00000000f0ccd448,0x00000000f1000000)
  to   space 13824K, 0% used [0x00000000ef500000,0x00000000ef500000,0x00000000f0280000)
 ParOldGen       total 67584K, used 39664K [0x00000000c0000000, 0x00000000c4200000, 0x00000000eaa80000)
  object space 67584K, 58% used [0x00000000c0000000,0x00000000c26bc0e8,0x00000000c4200000)
 PSPermGen       total 21504K, used 7214K [0x00000000b5a00000, 0x00000000b6f00000, 0x00000000c0000000)
  object space 21504K, 33% used [0x00000000b5a00000,0x00000000b610bb68,0x00000000b6f00000)
}
Event: 7,380 GC heap before
{Heap before GC invocations=12 (full 1):
 PSYoungGen      total 88064K, used 84789K [0x00000000eaa80000, 0x00000000f1000000, 0x0000000100000000)
  eden space 76288K, 100% used [0x00000000eaa80000,0x00000000ef500000,0x00000000ef500000)
  from space 11776K, 72% used [0x00000000f0480000,0x00000000f0ccd448,0x00000000f1000000)
  to   space 13824K, 0% used [0x00000000ef500000,0x00000000ef500000,0x00000000f0280000)
 ParOldGen       total 67584K, used 39664K [0x00000000c0000000, 0x00000000c4200000, 0x00000000eaa80000)
  object space 67584K, 58% used [0x00000000c0000000,0x00000000c26bc0e8,0x00000000c4200000)
 PSPermGen       total 21504K, used 7220K [0x00000000b5a00000, 0x00000000b6f00000, 0x00000000c0000000)
  object space 21504K, 33% used [0x00000000b5a00000,0x00000000b610d170,0x00000000b6f00000)
Event: 8,444 GC heap after
Heap after GC invocations=12 (full 1):
 PSYoungGen      total 90112K, used 12127K [0x00000000eaa80000, 0x00000000f3500000, 0x0000000100000000)
  eden space 76288K, 0% used [0x00000000eaa80000,0x00000000eaa80000,0x00000000ef500000)
  from space 13824K, 87% used [0x00000000ef500000,0x00000000f00d7c60,0x00000000f0280000)
  to   space 14336K, 0% used [0x00000000f2700000,0x00000000f2700000,0x00000000f3500000)
 ParOldGen       total 67584K, used 46941K [0x00000000c0000000, 0x00000000c4200000, 0x00000000eaa80000)
  object space 67584K, 69% used [0x00000000c0000000,0x00000000c2dd7548,0x00000000c4200000)
 PSPermGen       total 21504K, used 7220K [0x00000000b5a00000, 0x00000000b6f00000, 0x00000000c0000000)
  object space 21504K, 33% used [0x00000000b5a00000,0x00000000b610d170,0x00000000b6f00000)
}
Event: 8,548 GC heap before
{Heap before GC invocations=13 (full 1):
 PSYoungGen      total 90112K, used 88415K [0x00000000eaa80000, 0x00000000f3500000, 0x0000000100000000)
  eden space 76288K, 100% used [0x00000000eaa80000,0x00000000ef500000,0x00000000ef500000)
  from space 13824K, 87% used [0x00000000ef500000,0x00000000f00d7c60,0x00000000f0280000)
  to   space 14336K, 0% used [0x00000000f2700000,0x00000000f2700000,0x00000000f3500000)
 ParOldGen       total 67584K, used 46941K [0x00000000c0000000, 0x00000000c4200000, 0x00000000eaa80000)
  object space 67584K, 69% used [0x00000000c0000000,0x00000000c2dd7548,0x00000000c4200000)
 PSPermGen       total 21504K, used 7224K [0x00000000b5a00000, 0x00000000b6f00000, 0x00000000c0000000)
  object space 21504K, 33% used [0x00000000b5a00000,0x00000000b610e070,0x00000000b6f00000)
Event: 9,747 GC heap after
Heap after GC invocations=13 (full 1):
 PSYoungGen      total 126976K, used 11378K [0x00000000eaa80000, 0x00000000f3880000, 0x0000000100000000)
  eden space 112640K, 0% used [0x00000000eaa80000,0x00000000eaa80000,0x00000000f1880000)
  from space 14336K, 79% used [0x00000000f2700000,0x00000000f321c838,0x00000000f3500000)
  to   space 14848K, 0% used [0x00000000f1880000,0x00000000f1880000,0x00000000f2700000)
 ParOldGen       total 67584K, used 54436K [0x00000000c0000000, 0x00000000c4200000, 0x00000000eaa80000)
  object space 67584K, 80% used [0x00000000c0000000,0x00000000c3529348,0x00000000c4200000)
 PSPermGen       total 21504K, used 7224K [0x00000000b5a00000, 0x00000000b6f00000, 0x00000000c0000000)
  object space 21504K, 33% used [0x00000000b5a00000,0x00000000b610e070,0x00000000b6f00000)
}
Event: 15,971 GC heap before
{Heap before GC invocations=14 (full 1):
 PSYoungGen      total 126976K, used 124018K [0x00000000eaa80000, 0x00000000f3880000, 0x0000000100000000)
  eden space 112640K, 100% used [0x00000000eaa80000,0x00000000f1880000,0x00000000f1880000)
  from space 14336K, 79% used [0x00000000f2700000,0x00000000f321c838,0x00000000f3500000)
  to   space 14848K, 0% used [0x00000000f1880000,0x00000000f1880000,0x00000000f2700000)
 ParOldGen       total 67584K, used 54436K [0x00000000c0000000, 0x00000000c4200000, 0x00000000eaa80000)
  object space 67584K, 80% used [0x00000000c0000000,0x00000000c3529348,0x00000000c4200000)
 PSPermGen       total 21504K, used 7226K [0x00000000b5a00000, 0x00000000b6f00000, 0x00000000c0000000)
  object space 21504K, 33% used [0x00000000b5a00000,0x00000000b610eac8,0x00000000b6f00000)
Event: 27,074 GC heap after
Heap after GC invocations=14 (full 1):
 PSYoungGen      total 127488K, used 8267K [0x00000000eaa80000, 0x00000000f6c80000, 0x0000000100000000)
  eden space 112640K, 0% used [0x00000000eaa80000,0x00000000eaa80000,0x00000000f1880000)
  from space 14848K, 55% used [0x00000000f1880000,0x00000000f2092d30,0x00000000f2700000)
  to   space 14336K, 0% used [0x00000000f5e80000,0x00000000f5e80000,0x00000000f6c80000)
 ParOldGen       total 67584K, used 54452K [0x00000000c0000000, 0x00000000c4200000, 0x00000000eaa80000)
  object space 67584K, 80% used [0x00000000c0000000,0x00000000c352d348,0x00000000c4200000)
 PSPermGen       total 21504K, used 7226K [0x00000000b5a00000, 0x00000000b6f00000, 0x00000000c0000000)
  object space 21504K, 33% used [0x00000000b5a00000,0x00000000b610eac8,0x00000000b6f00000)
}
Event: 77,593 GC heap before
{Heap before GC invocations=15 (full 1):
 PSYoungGen      total 127488K, used 120907K [0x00000000eaa80000, 0x00000000f6c80000, 0x0000000100000000)
  eden space 112640K, 100% used [0x00000000eaa80000,0x00000000f1880000,0x00000000f1880000)
  from space 14848K, 55% used [0x00000000f1880000,0x00000000f2092d30,0x00000000f2700000)
  to   space 14336K, 0% used [0x00000000f5e80000,0x00000000f5e80000,0x00000000f6c80000)
 ParOldGen       total 67584K, used 54452K [0x00000000c0000000, 0x00000000c4200000, 0x00000000eaa80000)
  object space 67584K, 80% used [0x00000000c0000000,0x00000000c352d348,0x00000000c4200000)
 PSPermGen       total 21504K, used 7226K [0x00000000b5a00000, 0x00000000b6f00000, 0x00000000c0000000)
  object space 21504K, 33% used [0x00000000b5a00000,0x00000000b610eac8,0x00000000b6f00000)
Event: 92,392 GC heap after
Heap after GC invocations=15 (full 1):
 PSYoungGen      total 179200K, used 8870K [0x00000000eaa80000, 0x00000000f6980000, 0x0000000100000000)
  eden space 167936K, 0% used [0x00000000eaa80000,0x00000000eaa80000,0x00000000f4e80000)
  from space 11264K, 78% used [0x00000000f5e80000,0x00000000f67299d0,0x00000000f6980000)
  to   space 13824K, 0% used [0x00000000f4e80000,0x00000000f4e80000,0x00000000f5c00000)
 ParOldGen       total 67584K, used 54452K [0x00000000c0000000, 0x00000000c4200000, 0x00000000eaa80000)
  object space 67584K, 80% used [0x00000000c0000000,0x00000000c352d348,0x00000000c4200000)
 PSPermGen       total 21504K, used 7226K [0x00000000b5a00000, 0x00000000b6f00000, 0x00000000c0000000)
  object space 21504K, 33% used [0x00000000b5a00000,0x00000000b610eac8,0x00000000b6f00000)
}
Event: 138,736 GC heap before
{Heap before GC invocations=16 (full 1):
 PSYoungGen      total 179200K, used 176806K [0x00000000eaa80000, 0x00000000f6980000, 0x0000000100000000)
  eden space 167936K, 100% used [0x00000000eaa80000,0x00000000f4e80000,0x00000000f4e80000)
  from space 11264K, 78% used [0x00000000f5e80000,0x00000000f67299d0,0x00000000f6980000)
  to   space 13824K, 0% used [0x00000000f4e80000,0x00000000f4e80000,0x00000000f5c00000)
 ParOldGen       total 67584K, used 54452K [0x00000000c0000000, 0x00000000c4200000, 0x00000000eaa80000)
  object space 67584K, 80% used [0x00000000c0000000,0x00000000c352d348,0x00000000c4200000)
 PSPermGen       total 21504K, used 7228K [0x00000000b5a00000, 0x00000000b6f00000, 0x00000000c0000000)
  object space 21504K, 33% used [0x00000000b5a00000,0x00000000b610f350,0x00000000b6f00000)

