# JRE version: OpenJDK Runtime Environment (7.0_65-b32) (build 1.7.0_65-b32)
# Java VM: OpenJDK 64-Bit Server VM (24.65-b04 mixed mode linux-amd64 compressed oops)
Heap
 PSYoungGen      total 219648K, used 3672K [0x00000000eaa80000, 0x00000000f9080000, 0x0000000100000000)
  eden space 203776K, 0% used [0x00000000eaa80000,0x00000000eaa80000,0x00000000f7180000)
  from space 15872K, 23% used [0x00000000f7180000,0x00000000f7516000,0x00000000f8100000)
  to   space 14336K, 0% used [0x00000000f8100000,0x00000000f8100000,0x00000000f8f00000)
 ParOldGen       total 60928K, used 40008K [0x00000000c0000000, 0x00000000c3b80000, 0x00000000eaa80000)
  object space 60928K, 65% used [0x00000000c0000000,0x00000000c2712018,0x00000000c3b80000)
 PSPermGen       total 21504K, used 7250K [0x00000000b5a00000, 0x00000000b6f00000, 0x00000000c0000000)
  object space 21504K, 33% used [0x00000000b5a00000,0x00000000b6114ab8,0x00000000b6f00000)
GC Heap History (10 events):
Event: 41,549 GC heap after
Heap after GC invocations=11 (full 1):
 PSYoungGen      total 109568K, used 11384K [0x00000000eaa80000, 0x00000000f2400000, 0x0000000100000000)
  eden space 96768K, 0% used [0x00000000eaa80000,0x00000000eaa80000,0x00000000f0900000)
  from space 12800K, 88% used [0x00000000f1600000,0x00000000f211e1a8,0x00000000f2280000)
  to   space 13312K, 0% used [0x00000000f0900000,0x00000000f0900000,0x00000000f1600000)
 ParOldGen       total 60928K, used 34813K [0x00000000c0000000, 0x00000000c3b80000, 0x00000000eaa80000)
  object space 60928K, 57% used [0x00000000c0000000,0x00000000c21ff5b8,0x00000000c3b80000)
 PSPermGen       total 21504K, used 7145K [0x00000000b5a00000, 0x00000000b6f00000, 0x00000000c0000000)
  object space 21504K, 33% used [0x00000000b5a00000,0x00000000b60fa430,0x00000000b6f00000)
}
Event: 42,329 GC heap before
{Heap before GC invocations=12 (full 1):
 PSYoungGen      total 109568K, used 108152K [0x00000000eaa80000, 0x00000000f2400000, 0x0000000100000000)
  eden space 96768K, 100% used [0x00000000eaa80000,0x00000000f0900000,0x00000000f0900000)
  from space 12800K, 88% used [0x00000000f1600000,0x00000000f211e1a8,0x00000000f2280000)
  to   space 13312K, 0% used [0x00000000f0900000,0x00000000f0900000,0x00000000f1600000)
 ParOldGen       total 60928K, used 34813K [0x00000000c0000000, 0x00000000c3b80000, 0x00000000eaa80000)
  object space 60928K, 57% used [0x00000000c0000000,0x00000000c21ff5b8,0x00000000c3b80000)
 PSPermGen       total 21504K, used 7238K [0x00000000b5a00000, 0x00000000b6f00000, 0x00000000c0000000)
  object space 21504K, 33% used [0x00000000b5a00000,0x00000000b61118a0,0x00000000b6f00000)
Event: 42,406 GC heap after
Heap after GC invocations=12 (full 1):
 PSYoungGen      total 110080K, used 9161K [0x00000000eaa80000, 0x00000000f5080000, 0x0000000100000000)
  eden space 96768K, 0% used [0x00000000eaa80000,0x00000000eaa80000,0x00000000f0900000)
  from space 13312K, 68% used [0x00000000f0900000,0x00000000f11f26e8,0x00000000f1600000)
  to   space 13312K, 0% used [0x00000000f4380000,0x00000000f4380000,0x00000000f5080000)
 ParOldGen       total 60928K, used 34821K [0x00000000c0000000, 0x00000000c3b80000, 0x00000000eaa80000)
  object space 60928K, 57% used [0x00000000c0000000,0x00000000c22015b8,0x00000000c3b80000)
 PSPermGen       total 21504K, used 7238K [0x00000000b5a00000, 0x00000000b6f00000, 0x00000000c0000000)
  object space 21504K, 33% used [0x00000000b5a00000,0x00000000b61118a0,0x00000000b6f00000)
}
Event: 42,795 GC heap before
{Heap before GC invocations=13 (full 1):
 PSYoungGen      total 110080K, used 105929K [0x00000000eaa80000, 0x00000000f5080000, 0x0000000100000000)
  eden space 96768K, 100% used [0x00000000eaa80000,0x00000000f0900000,0x00000000f0900000)
  from space 13312K, 68% used [0x00000000f0900000,0x00000000f11f26e8,0x00000000f1600000)
  to   space 13312K, 0% used [0x00000000f4380000,0x00000000f4380000,0x00000000f5080000)
 ParOldGen       total 60928K, used 34821K [0x00000000c0000000, 0x00000000c3b80000, 0x00000000eaa80000)
  object space 60928K, 57% used [0x00000000c0000000,0x00000000c22015b8,0x00000000c3b80000)
 PSPermGen       total 21504K, used 7243K [0x00000000b5a00000, 0x00000000b6f00000, 0x00000000c0000000)
  object space 21504K, 33% used [0x00000000b5a00000,0x00000000b6112f60,0x00000000b6f00000)
Event: 42,818 GC heap after
Heap after GC invocations=13 (full 1):
 PSYoungGen      total 155648K, used 11537K [0x00000000eaa80000, 0x00000000f5080000, 0x0000000100000000)
  eden space 142336K, 0% used [0x00000000eaa80000,0x00000000eaa80000,0x00000000f3580000)
  from space 13312K, 86% used [0x00000000f4380000,0x00000000f4ec47d0,0x00000000f5080000)
  to   space 13824K, 0% used [0x00000000f3580000,0x00000000f3580000,0x00000000f4300000)
 ParOldGen       total 60928K, used 34829K [0x00000000c0000000, 0x00000000c3b80000, 0x00000000eaa80000)
  object space 60928K, 57% used [0x00000000c0000000,0x00000000c22035b8,0x00000000c3b80000)
 PSPermGen       total 21504K, used 7243K [0x00000000b5a00000, 0x00000000b6f00000, 0x00000000c0000000)
  object space 21504K, 33% used [0x00000000b5a00000,0x00000000b6112f60,0x00000000b6f00000)
}
Event: 43,509 GC heap before
{Heap before GC invocations=14 (full 1):
 PSYoungGen      total 155648K, used 153873K [0x00000000eaa80000, 0x00000000f5080000, 0x0000000100000000)
  eden space 142336K, 100% used [0x00000000eaa80000,0x00000000f3580000,0x00000000f3580000)
  from space 13312K, 86% used [0x00000000f4380000,0x00000000f4ec47d0,0x00000000f5080000)
  to   space 13824K, 0% used [0x00000000f3580000,0x00000000f3580000,0x00000000f4300000)
 ParOldGen       total 60928K, used 34829K [0x00000000c0000000, 0x00000000c3b80000, 0x00000000eaa80000)
  object space 60928K, 57% used [0x00000000c0000000,0x00000000c22035b8,0x00000000c3b80000)
 PSPermGen       total 21504K, used 7246K [0x00000000b5a00000, 0x00000000b6f00000, 0x00000000c0000000)
  object space 21504K, 33% used [0x00000000b5a00000,0x00000000b6113a50,0x00000000b6f00000)
Event: 43,520 GC heap after
Heap after GC invocations=14 (full 1):
 PSYoungGen      total 156160K, used 12475K [0x00000000eaa80000, 0x00000000f8f00000, 0x0000000100000000)
  eden space 142336K, 0% used [0x00000000eaa80000,0x00000000eaa80000,0x00000000f3580000)
  from space 13824K, 90% used [0x00000000f3580000,0x00000000f41aefa8,0x00000000f4300000)
  to   space 14336K, 0% used [0x00000000f8100000,0x00000000f8100000,0x00000000f8f00000)
 ParOldGen       total 60928K, used 37333K [0x00000000c0000000, 0x00000000c3b80000, 0x00000000eaa80000)
  object space 60928K, 61% used [0x00000000c0000000,0x00000000c24755d0,0x00000000c3b80000)
 PSPermGen       total 21504K, used 7246K [0x00000000b5a00000, 0x00000000b6f00000, 0x00000000c0000000)
  object space 21504K, 33% used [0x00000000b5a00000,0x00000000b6113a50,0x00000000b6f00000)
}
Event: 43,949 GC heap before
{Heap before GC invocations=15 (full 1):
 PSYoungGen      total 156160K, used 154811K [0x00000000eaa80000, 0x00000000f8f00000, 0x0000000100000000)
  eden space 142336K, 100% used [0x00000000eaa80000,0x00000000f3580000,0x00000000f3580000)
  from space 13824K, 90% used [0x00000000f3580000,0x00000000f41aefa8,0x00000000f4300000)
  to   space 14336K, 0% used [0x00000000f8100000,0x00000000f8100000,0x00000000f8f00000)
 ParOldGen       total 60928K, used 37333K [0x00000000c0000000, 0x00000000c3b80000, 0x00000000eaa80000)
  object space 60928K, 61% used [0x00000000c0000000,0x00000000c24755d0,0x00000000c3b80000)
 PSPermGen       total 21504K, used 7247K [0x00000000b5a00000, 0x00000000b6f00000, 0x00000000c0000000)
  object space 21504K, 33% used [0x00000000b5a00000,0x00000000b6113f90,0x00000000b6f00000)
Event: 43,972 GC heap after
Heap after GC invocations=15 (full 1):
 PSYoungGen      total 218112K, used 14263K [0x00000000eaa80000, 0x00000000f9080000, 0x0000000100000000)
  eden space 203776K, 0% used [0x00000000eaa80000,0x00000000eaa80000,0x00000000f7180000)
  from space 14336K, 99% used [0x00000000f8100000,0x00000000f8eeddc8,0x00000000f8f00000)
  to   space 15872K, 0% used [0x00000000f7180000,0x00000000f7180000,0x00000000f8100000)
 ParOldGen       total 60928K, used 40008K [0x00000000c0000000, 0x00000000c3b80000, 0x00000000eaa80000)
  object space 60928K, 65% used [0x00000000c0000000,0x00000000c2712018,0x00000000c3b80000)
 PSPermGen       total 21504K, used 7247K [0x00000000b5a00000, 0x00000000b6f00000, 0x00000000c0000000)
  object space 21504K, 33% used [0x00000000b5a00000,0x00000000b6113f90,0x00000000b6f00000)
}
Event: 49,369 GC heap before
{Heap before GC invocations=16 (full 1):
 PSYoungGen      total 218112K, used 213363K [0x00000000eaa80000, 0x00000000f9080000, 0x0000000100000000)
  eden space 203776K, 97% used [0x00000000eaa80000,0x00000000f6ceee90,0x00000000f7180000)
  from space 14336K, 99% used [0x00000000f8100000,0x00000000f8eeddc8,0x00000000f8f00000)
  to   space 15872K, 0% used [0x00000000f7180000,0x00000000f7180000,0x00000000f8100000)
 ParOldGen       total 60928K, used 40008K [0x00000000c0000000, 0x00000000c3b80000, 0x00000000eaa80000)
  object space 60928K, 65% used [0x00000000c0000000,0x00000000c2712018,0x00000000c3b80000)
 PSPermGen       total 21504K, used 7250K [0x00000000b5a00000, 0x00000000b6f00000, 0x00000000c0000000)
  object space 21504K, 33% used [0x00000000b5a00000,0x00000000b6114ab8,0x00000000b6f00000)

