# JRE version: OpenJDK Runtime Environment (7.0_65-b32) (build 1.7.0_65-b32)
# Java VM: OpenJDK 64-Bit Server VM (24.65-b04 mixed mode linux-amd64 compressed oops)
Heap
 PSYoungGen      total 204800K, used 16366K [0x00000000eaa80000, 0x00000000f8b00000, 0x0000000100000000)
  eden space 188416K, 0% used [0x00000000eaa80000,0x00000000eaa80000,0x00000000f6280000)
  from space 16384K, 99% used [0x00000000f6280000,0x00000000f727b9e8,0x00000000f7280000)
  to   space 15360K, 0% used [0x00000000f7280000,0x00000000f7280000,0x00000000f8180000)
 ParOldGen       total 63488K, used 54349K [0x00000000c0000000, 0x00000000c3e00000, 0x00000000eaa80000)
  object space 63488K, 85% used [0x00000000c0000000,0x00000000c35135a0,0x00000000c3e00000)
 PSPermGen       total 21504K, used 7256K [0x00000000b5a00000, 0x00000000b6f00000, 0x00000000c0000000)
  object space 21504K, 33% used [0x00000000b5a00000,0x00000000b61161e0,0x00000000b6f00000)
GC Heap History (10 events):
Event: 8,427 GC heap after
Heap after GC invocations=11 (full 1):
 PSYoungGen      total 99328K, used 13567K [0x00000000eaa80000, 0x00000000f1f00000, 0x0000000100000000)
  eden space 85504K, 0% used [0x00000000eaa80000,0x00000000eaa80000,0x00000000efe00000)
  from space 13824K, 98% used [0x00000000f0d00000,0x00000000f1a3fea0,0x00000000f1a80000)
  to   space 15360K, 0% used [0x00000000efe00000,0x00000000efe00000,0x00000000f0d00000)
 ParOldGen       total 63488K, used 36665K [0x00000000c0000000, 0x00000000c3e00000, 0x00000000eaa80000)
  object space 63488K, 57% used [0x00000000c0000000,0x00000000c23ce770,0x00000000c3e00000)
 PSPermGen       total 21504K, used 7151K [0x00000000b5a00000, 0x00000000b6f00000, 0x00000000c0000000)
  object space 21504K, 33% used [0x00000000b5a00000,0x00000000b60fbd20,0x00000000b6f00000)
}
Event: 8,768 GC heap before
{Heap before GC invocations=12 (full 1):
 PSYoungGen      total 99328K, used 99071K [0x00000000eaa80000, 0x00000000f1f00000, 0x0000000100000000)
  eden space 85504K, 100% used [0x00000000eaa80000,0x00000000efe00000,0x00000000efe00000)
  from space 13824K, 98% used [0x00000000f0d00000,0x00000000f1a3fea0,0x00000000f1a80000)
  to   space 15360K, 0% used [0x00000000efe00000,0x00000000efe00000,0x00000000f0d00000)
 ParOldGen       total 63488K, used 36665K [0x00000000c0000000, 0x00000000c3e00000, 0x00000000eaa80000)
  object space 63488K, 57% used [0x00000000c0000000,0x00000000c23ce770,0x00000000c3e00000)
 PSPermGen       total 21504K, used 7245K [0x00000000b5a00000, 0x00000000b6f00000, 0x00000000c0000000)
  object space 21504K, 33% used [0x00000000b5a00000,0x00000000b61135e0,0x00000000b6f00000)
Event: 8,777 GC heap after
Heap after GC invocations=12 (full 1):
 PSYoungGen      total 100864K, used 11036K [0x00000000eaa80000, 0x00000000f4780000, 0x0000000100000000)
  eden space 85504K, 0% used [0x00000000eaa80000,0x00000000eaa80000,0x00000000efe00000)
  from space 15360K, 71% used [0x00000000efe00000,0x00000000f08c7218,0x00000000f0d00000)
  to   space 15360K, 0% used [0x00000000f3880000,0x00000000f3880000,0x00000000f4780000)
 ParOldGen       total 63488K, used 40136K [0x00000000c0000000, 0x00000000c3e00000, 0x00000000eaa80000)
  object space 63488K, 63% used [0x00000000c0000000,0x00000000c27320e0,0x00000000c3e00000)
 PSPermGen       total 21504K, used 7245K [0x00000000b5a00000, 0x00000000b6f00000, 0x00000000c0000000)
  object space 21504K, 33% used [0x00000000b5a00000,0x00000000b61135e0,0x00000000b6f00000)
}
Event: 8,928 GC heap before
{Heap before GC invocations=13 (full 1):
 PSYoungGen      total 100864K, used 96540K [0x00000000eaa80000, 0x00000000f4780000, 0x0000000100000000)
  eden space 85504K, 100% used [0x00000000eaa80000,0x00000000efe00000,0x00000000efe00000)
  from space 15360K, 71% used [0x00000000efe00000,0x00000000f08c7218,0x00000000f0d00000)
  to   space 15360K, 0% used [0x00000000f3880000,0x00000000f3880000,0x00000000f4780000)
 ParOldGen       total 63488K, used 40136K [0x00000000c0000000, 0x00000000c3e00000, 0x00000000eaa80000)
  object space 63488K, 63% used [0x00000000c0000000,0x00000000c27320e0,0x00000000c3e00000)
 PSPermGen       total 21504K, used 7250K [0x00000000b5a00000, 0x00000000b6f00000, 0x00000000c0000000)
  object space 21504K, 33% used [0x00000000b5a00000,0x00000000b6114870,0x00000000b6f00000)
Event: 8,933 GC heap after
Heap after GC invocations=13 (full 1):
 PSYoungGen      total 141312K, used 7326K [0x00000000eaa80000, 0x00000000f4500000, 0x0000000100000000)
  eden space 128512K, 0% used [0x00000000eaa80000,0x00000000eaa80000,0x00000000f2800000)
  from space 12800K, 57% used [0x00000000f3880000,0x00000000f3fa7830,0x00000000f4500000)
  to   space 14848K, 0% used [0x00000000f2800000,0x00000000f2800000,0x00000000f3680000)
 ParOldGen       total 63488K, used 43419K [0x00000000c0000000, 0x00000000c3e00000, 0x00000000eaa80000)
  object space 63488K, 68% used [0x00000000c0000000,0x00000000c2a66cf0,0x00000000c3e00000)
 PSPermGen       total 21504K, used 7250K [0x00000000b5a00000, 0x00000000b6f00000, 0x00000000c0000000)
  object space 21504K, 33% used [0x00000000b5a00000,0x00000000b6114870,0x00000000b6f00000)
}
Event: 9,136 GC heap before
{Heap before GC invocations=14 (full 1):
 PSYoungGen      total 141312K, used 134937K [0x00000000eaa80000, 0x00000000f4500000, 0x0000000100000000)
  eden space 128512K, 99% used [0x00000000eaa80000,0x00000000f271eee0,0x00000000f2800000)
  from space 12800K, 57% used [0x00000000f3880000,0x00000000f3fa7830,0x00000000f4500000)
  to   space 14848K, 0% used [0x00000000f2800000,0x00000000f2800000,0x00000000f3680000)
 ParOldGen       total 63488K, used 43419K [0x00000000c0000000, 0x00000000c3e00000, 0x00000000eaa80000)
  object space 63488K, 68% used [0x00000000c0000000,0x00000000c2a66cf0,0x00000000c3e00000)
 PSPermGen       total 21504K, used 7252K [0x00000000b5a00000, 0x00000000b6f00000, 0x00000000c0000000)
  object space 21504K, 33% used [0x00000000b5a00000,0x00000000b6115210,0x00000000b6f00000)
Event: 9,139 GC heap after
Heap after GC invocations=14 (full 1):
 PSYoungGen      total 143360K, used 6306K [0x00000000eaa80000, 0x00000000f8180000, 0x0000000100000000)
  eden space 128512K, 0% used [0x00000000eaa80000,0x00000000eaa80000,0x00000000f2800000)
  from space 14848K, 42% used [0x00000000f2800000,0x00000000f2e28a00,0x00000000f3680000)
  to   space 15360K, 0% used [0x00000000f7280000,0x00000000f7280000,0x00000000f8180000)
 ParOldGen       total 63488K, used 43427K [0x00000000c0000000, 0x00000000c3e00000, 0x00000000eaa80000)
  object space 63488K, 68% used [0x00000000c0000000,0x00000000c2a68cf0,0x00000000c3e00000)
 PSPermGen       total 21504K, used 7252K [0x00000000b5a00000, 0x00000000b6f00000, 0x00000000c0000000)
  object space 21504K, 33% used [0x00000000b5a00000,0x00000000b6115210,0x00000000b6f00000)
}
Event: 9,326 GC heap before
{Heap before GC invocations=15 (full 1):
 PSYoungGen      total 143360K, used 134818K [0x00000000eaa80000, 0x00000000f8180000, 0x0000000100000000)
  eden space 128512K, 100% used [0x00000000eaa80000,0x00000000f2800000,0x00000000f2800000)
  from space 14848K, 42% used [0x00000000f2800000,0x00000000f2e28a00,0x00000000f3680000)
  to   space 15360K, 0% used [0x00000000f7280000,0x00000000f7280000,0x00000000f8180000)
 ParOldGen       total 63488K, used 43427K [0x00000000c0000000, 0x00000000c3e00000, 0x00000000eaa80000)
  object space 63488K, 68% used [0x00000000c0000000,0x00000000c2a68cf0,0x00000000c3e00000)
 PSPermGen       total 21504K, used 7252K [0x00000000b5a00000, 0x00000000b6f00000, 0x00000000c0000000)
  object space 21504K, 33% used [0x00000000b5a00000,0x00000000b6115210,0x00000000b6f00000)
Event: 10,518 GC heap after
Heap after GC invocations=15 (full 1):
 PSYoungGen      total 203776K, used 14522K [0x00000000eaa80000, 0x00000000f8b00000, 0x0000000100000000)
  eden space 188416K, 0% used [0x00000000eaa80000,0x00000000eaa80000,0x00000000f6280000)
  from space 15360K, 94% used [0x00000000f7280000,0x00000000f80ae8e8,0x00000000f8180000)
  to   space 16384K, 0% used [0x00000000f6280000,0x00000000f6280000,0x00000000f7280000)
 ParOldGen       total 63488K, used 47897K [0x00000000c0000000, 0x00000000c3e00000, 0x00000000eaa80000)
  object space 63488K, 75% used [0x00000000c0000000,0x00000000c2ec66a0,0x00000000c3e00000)
 PSPermGen       total 21504K, used 7252K [0x00000000b5a00000, 0x00000000b6f00000, 0x00000000c0000000)
  object space 21504K, 33% used [0x00000000b5a00000,0x00000000b6115210,0x00000000b6f00000)
}
Event: 12,680 GC heap before
{Heap before GC invocations=16 (full 1):
 PSYoungGen      total 203776K, used 202938K [0x00000000eaa80000, 0x00000000f8b00000, 0x0000000100000000)
  eden space 188416K, 100% used [0x00000000eaa80000,0x00000000f6280000,0x00000000f6280000)
  from space 15360K, 94% used [0x00000000f7280000,0x00000000f80ae8e8,0x00000000f8180000)
  to   space 16384K, 0% used [0x00000000f6280000,0x00000000f6280000,0x00000000f7280000)
 ParOldGen       total 63488K, used 47897K [0x00000000c0000000, 0x00000000c3e00000, 0x00000000eaa80000)
  object space 63488K, 75% used [0x00000000c0000000,0x00000000c2ec66a0,0x00000000c3e00000)
 PSPermGen       total 21504K, used 7256K [0x00000000b5a00000, 0x00000000b6f00000, 0x00000000c0000000)
  object space 21504K, 33% used [0x00000000b5a00000,0x00000000b61161e0,0x00000000b6f00000)

