# JRE version: OpenJDK Runtime Environment (7.0_65-b32) (build 1.7.0_65-b32)
# Java VM: OpenJDK 64-Bit Server VM (24.65-b04 mixed mode linux-amd64 compressed oops)
Heap
 PSYoungGen      total 240128K, used 21503K [0x00000000eaa80000, 0x00000000fab00000, 0x0000000100000000)
  eden space 217600K, 0% used [0x00000000eaa80000,0x00000000eaa80000,0x00000000f7f00000)
  from space 22528K, 95% used [0x00000000f7f00000,0x00000000f93ffe70,0x00000000f9500000)
  to   space 20480K, 0% used [0x00000000f9700000,0x00000000f9700000,0x00000000fab00000)
 ParOldGen       total 58368K, used 57166K [0x00000000c0000000, 0x00000000c3900000, 0x00000000eaa80000)
  object space 58368K, 97% used [0x00000000c0000000,0x00000000c37d3950,0x00000000c3900000)
 PSPermGen       total 21504K, used 7250K [0x00000000b5a00000, 0x00000000b6f00000, 0x00000000c0000000)
  object space 21504K, 33% used [0x00000000b5a00000,0x00000000b6114af8,0x00000000b6f00000)
GC Heap History (10 events):
Event: 7,023 GC heap after
Heap after GC invocations=11 (full 1):
 PSYoungGen      total 110592K, used 12091K [0x00000000eaa80000, 0x00000000f2c00000, 0x0000000100000000)
  eden space 97792K, 0% used [0x00000000eaa80000,0x00000000eaa80000,0x00000000f0a00000)
  from space 12800K, 94% used [0x00000000f1780000,0x00000000f234eee8,0x00000000f2400000)
  to   space 13824K, 0% used [0x00000000f0a00000,0x00000000f0a00000,0x00000000f1780000)
 ParOldGen       total 58368K, used 31940K [0x00000000c0000000, 0x00000000c3900000, 0x00000000eaa80000)
  object space 58368K, 54% used [0x00000000c0000000,0x00000000c1f312e8,0x00000000c3900000)
 PSPermGen       total 21504K, used 7233K [0x00000000b5a00000, 0x00000000b6f00000, 0x00000000c0000000)
  object space 21504K, 33% used [0x00000000b5a00000,0x00000000b6110588,0x00000000b6f00000)
}
Event: 7,180 GC heap before
{Heap before GC invocations=12 (full 1):
 PSYoungGen      total 110592K, used 109883K [0x00000000eaa80000, 0x00000000f2c00000, 0x0000000100000000)
  eden space 97792K, 100% used [0x00000000eaa80000,0x00000000f0a00000,0x00000000f0a00000)
  from space 12800K, 94% used [0x00000000f1780000,0x00000000f234eee8,0x00000000f2400000)
  to   space 13824K, 0% used [0x00000000f0a00000,0x00000000f0a00000,0x00000000f1780000)
 ParOldGen       total 58368K, used 31940K [0x00000000c0000000, 0x00000000c3900000, 0x00000000eaa80000)
  object space 58368K, 54% used [0x00000000c0000000,0x00000000c1f312e8,0x00000000c3900000)
 PSPermGen       total 21504K, used 7239K [0x00000000b5a00000, 0x00000000b6f00000, 0x00000000c0000000)
  object space 21504K, 33% used [0x00000000b5a00000,0x00000000b6111ce0,0x00000000b6f00000)
Event: 7,188 GC heap after
Heap after GC invocations=12 (full 1):
 PSYoungGen      total 111616K, used 13813K [0x00000000eaa80000, 0x00000000f5a80000, 0x0000000100000000)
  eden space 97792K, 0% used [0x00000000eaa80000,0x00000000eaa80000,0x00000000f0a00000)
  from space 13824K, 99% used [0x00000000f0a00000,0x00000000f177d4c0,0x00000000f1780000)
  to   space 18432K, 0% used [0x00000000f4880000,0x00000000f4880000,0x00000000f5a80000)
 ParOldGen       total 58368K, used 39685K [0x00000000c0000000, 0x00000000c3900000, 0x00000000eaa80000)
  object space 58368K, 67% used [0x00000000c0000000,0x00000000c26c1758,0x00000000c3900000)
 PSPermGen       total 21504K, used 7239K [0x00000000b5a00000, 0x00000000b6f00000, 0x00000000c0000000)
  object space 21504K, 33% used [0x00000000b5a00000,0x00000000b6111ce0,0x00000000b6f00000)
}
Event: 7,336 GC heap before
{Heap before GC invocations=13 (full 1):
 PSYoungGen      total 111616K, used 111605K [0x00000000eaa80000, 0x00000000f5a80000, 0x0000000100000000)
  eden space 97792K, 100% used [0x00000000eaa80000,0x00000000f0a00000,0x00000000f0a00000)
  from space 13824K, 99% used [0x00000000f0a00000,0x00000000f177d4c0,0x00000000f1780000)
  to   space 18432K, 0% used [0x00000000f4880000,0x00000000f4880000,0x00000000f5a80000)
 ParOldGen       total 58368K, used 39685K [0x00000000c0000000, 0x00000000c3900000, 0x00000000eaa80000)
  object space 58368K, 67% used [0x00000000c0000000,0x00000000c26c1758,0x00000000c3900000)
 PSPermGen       total 21504K, used 7242K [0x00000000b5a00000, 0x00000000b6f00000, 0x00000000c0000000)
  object space 21504K, 33% used [0x00000000b5a00000,0x00000000b6112be0,0x00000000b6f00000)
Event: 8,524 GC heap after
Heap after GC invocations=13 (full 1):
 PSYoungGen      total 160256K, used 16166K [0x00000000eaa80000, 0x00000000f6480000, 0x0000000100000000)
  eden space 141824K, 0% used [0x00000000eaa80000,0x00000000eaa80000,0x00000000f3500000)
  from space 18432K, 87% used [0x00000000f4880000,0x00000000f5849950,0x00000000f5a80000)
  to   space 19968K, 0% used [0x00000000f3500000,0x00000000f3500000,0x00000000f4880000)
 ParOldGen       total 58368K, used 47432K [0x00000000c0000000, 0x00000000c3900000, 0x00000000eaa80000)
  object space 58368K, 81% used [0x00000000c0000000,0x00000000c2e52040,0x00000000c3900000)
 PSPermGen       total 21504K, used 7242K [0x00000000b5a00000, 0x00000000b6f00000, 0x00000000c0000000)
  object space 21504K, 33% used [0x00000000b5a00000,0x00000000b6112be0,0x00000000b6f00000)
}
Event: 8,724 GC heap before
{Heap before GC invocations=14 (full 1):
 PSYoungGen      total 160256K, used 157990K [0x00000000eaa80000, 0x00000000f6480000, 0x0000000100000000)
  eden space 141824K, 100% used [0x00000000eaa80000,0x00000000f3500000,0x00000000f3500000)
  from space 18432K, 87% used [0x00000000f4880000,0x00000000f5849950,0x00000000f5a80000)
  to   space 19968K, 0% used [0x00000000f3500000,0x00000000f3500000,0x00000000f4880000)
 ParOldGen       total 58368K, used 47432K [0x00000000c0000000, 0x00000000c3900000, 0x00000000eaa80000)
  object space 58368K, 81% used [0x00000000c0000000,0x00000000c2e52040,0x00000000c3900000)
 PSPermGen       total 21504K, used 7245K [0x00000000b5a00000, 0x00000000b6f00000, 0x00000000c0000000)
  object space 21504K, 33% used [0x00000000b5a00000,0x00000000b6113580,0x00000000b6f00000)
Event: 9,052 GC heap after
Heap after GC invocations=14 (full 1):
 PSYoungGen      total 161792K, used 19769K [0x00000000eaa80000, 0x00000000fad00000, 0x0000000100000000)
  eden space 141824K, 0% used [0x00000000eaa80000,0x00000000eaa80000,0x00000000f3500000)
  from space 19968K, 99% used [0x00000000f3500000,0x00000000f484e718,0x00000000f4880000)
  to   space 22528K, 0% used [0x00000000f9700000,0x00000000f9700000,0x00000000fad00000)
 ParOldGen       total 58368K, used 47432K [0x00000000c0000000, 0x00000000c3900000, 0x00000000eaa80000)
  object space 58368K, 81% used [0x00000000c0000000,0x00000000c2e52040,0x00000000c3900000)
 PSPermGen       total 21504K, used 7245K [0x00000000b5a00000, 0x00000000b6f00000, 0x00000000c0000000)
  object space 21504K, 33% used [0x00000000b5a00000,0x00000000b6113580,0x00000000b6f00000)
}
Event: 9,252 GC heap before
{Heap before GC invocations=15 (full 1):
 PSYoungGen      total 161792K, used 161593K [0x00000000eaa80000, 0x00000000fad00000, 0x0000000100000000)
  eden space 141824K, 100% used [0x00000000eaa80000,0x00000000f3500000,0x00000000f3500000)
  from space 19968K, 99% used [0x00000000f3500000,0x00000000f484e718,0x00000000f4880000)
  to   space 22528K, 0% used [0x00000000f9700000,0x00000000f9700000,0x00000000fad00000)
 ParOldGen       total 58368K, used 47432K [0x00000000c0000000, 0x00000000c3900000, 0x00000000eaa80000)
  object space 58368K, 81% used [0x00000000c0000000,0x00000000c2e52040,0x00000000c3900000)
 PSPermGen       total 21504K, used 7246K [0x00000000b5a00000, 0x00000000b6f00000, 0x00000000c0000000)
  object space 21504K, 33% used [0x00000000b5a00000,0x00000000b6113ad8,0x00000000b6f00000)
Event: 9,258 GC heap after
Heap after GC invocations=15 (full 1):
 PSYoungGen      total 238080K, used 14066K [0x00000000eaa80000, 0x00000000fab00000, 0x0000000100000000)
  eden space 217600K, 0% used [0x00000000eaa80000,0x00000000eaa80000,0x00000000f7f00000)
  from space 20480K, 68% used [0x00000000f9700000,0x00000000fa4bc9b0,0x00000000fab00000)
  to   space 22528K, 0% used [0x00000000f7f00000,0x00000000f7f00000,0x00000000f9500000)
 ParOldGen       total 58368K, used 47432K [0x00000000c0000000, 0x00000000c3900000, 0x00000000eaa80000)
  object space 58368K, 81% used [0x00000000c0000000,0x00000000c2e52040,0x00000000c3900000)
 PSPermGen       total 21504K, used 7246K [0x00000000b5a00000, 0x00000000b6f00000, 0x00000000c0000000)
  object space 21504K, 33% used [0x00000000b5a00000,0x00000000b6113ad8,0x00000000b6f00000)
}
Event: 9,701 GC heap before
{Heap before GC invocations=16 (full 1):
 PSYoungGen      total 238080K, used 231666K [0x00000000eaa80000, 0x00000000fab00000, 0x0000000100000000)
  eden space 217600K, 100% used [0x00000000eaa80000,0x00000000f7f00000,0x00000000f7f00000)
  from space 20480K, 68% used [0x00000000f9700000,0x00000000fa4bc9b0,0x00000000fab00000)
  to   space 22528K, 0% used [0x00000000f7f00000,0x00000000f7f00000,0x00000000f9500000)
 ParOldGen       total 58368K, used 47432K [0x00000000c0000000, 0x00000000c3900000, 0x00000000eaa80000)
  object space 58368K, 81% used [0x00000000c0000000,0x00000000c2e52040,0x00000000c3900000)
 PSPermGen       total 21504K, used 7250K [0x00000000b5a00000, 0x00000000b6f00000, 0x00000000c0000000)
  object space 21504K, 33% used [0x00000000b5a00000,0x00000000b6114af8,0x00000000b6f00000)

