# JRE version: OpenJDK Runtime Environment (7.0_65-b32) (build 1.7.0_65-b32)
# Java VM: OpenJDK 64-Bit Server VM (24.65-b04 mixed mode linux-amd64 compressed oops)
Heap
 PSYoungGen      total 202752K, used 17394K [0x00000000eaa80000, 0x00000000f8700000, 0x0000000100000000)
  eden space 185344K, 0% used [0x00000000eaa80000,0x00000000eaa80000,0x00000000f5f80000)
  from space 17408K, 99% used [0x00000000f5f80000,0x00000000f707c948,0x00000000f7080000)
  to   space 15872K, 0% used [0x00000000f7080000,0x00000000f7080000,0x00000000f8000000)
 ParOldGen       total 58368K, used 32071K [0x00000000c0000000, 0x00000000c3900000, 0x00000000eaa80000)
  object space 58368K, 54% used [0x00000000c0000000,0x00000000c1f51e80,0x00000000c3900000)
 PSPermGen       total 21504K, used 7254K [0x00000000b5a00000, 0x00000000b6f00000, 0x00000000c0000000)
  object space 21504K, 33% used [0x00000000b5a00000,0x00000000b6115890,0x00000000b6f00000)
GC Heap History (10 events):
Event: 8,797 GC heap after
Heap after GC invocations=11 (full 1):
 PSYoungGen      total 100864K, used 6425K [0x00000000eaa80000, 0x00000000f1d00000, 0x0000000100000000)
  eden space 87552K, 0% used [0x00000000eaa80000,0x00000000eaa80000,0x00000000f0000000)
  from space 13312K, 48% used [0x00000000f1000000,0x00000000f1646568,0x00000000f1d00000)
  to   space 14848K, 0% used [0x00000000f0000000,0x00000000f0000000,0x00000000f0e80000)
 ParOldGen       total 58368K, used 25949K [0x00000000c0000000, 0x00000000c3900000, 0x00000000eaa80000)
  object space 58368K, 44% used [0x00000000c0000000,0x00000000c1957720,0x00000000c3900000)
 PSPermGen       total 21504K, used 7149K [0x00000000b5a00000, 0x00000000b6f00000, 0x00000000c0000000)
  object space 21504K, 33% used [0x00000000b5a00000,0x00000000b60fb528,0x00000000b6f00000)
}
Event: 9,654 GC heap before
{Heap before GC invocations=12 (full 1):
 PSYoungGen      total 100864K, used 93977K [0x00000000eaa80000, 0x00000000f1d00000, 0x0000000100000000)
  eden space 87552K, 100% used [0x00000000eaa80000,0x00000000f0000000,0x00000000f0000000)
  from space 13312K, 48% used [0x00000000f1000000,0x00000000f1646568,0x00000000f1d00000)
  to   space 14848K, 0% used [0x00000000f0000000,0x00000000f0000000,0x00000000f0e80000)
 ParOldGen       total 58368K, used 25949K [0x00000000c0000000, 0x00000000c3900000, 0x00000000eaa80000)
  object space 58368K, 44% used [0x00000000c0000000,0x00000000c1957720,0x00000000c3900000)
 PSPermGen       total 21504K, used 7243K [0x00000000b5a00000, 0x00000000b6f00000, 0x00000000c0000000)
  object space 21504K, 33% used [0x00000000b5a00000,0x00000000b6112c98,0x00000000b6f00000)
Event: 9,661 GC heap after
Heap after GC invocations=12 (full 1):
 PSYoungGen      total 102400K, used 7060K [0x00000000eaa80000, 0x00000000f4080000, 0x0000000100000000)
  eden space 87552K, 0% used [0x00000000eaa80000,0x00000000eaa80000,0x00000000f0000000)
  from space 14848K, 47% used [0x00000000f0000000,0x00000000f06e52e0,0x00000000f0e80000)
  to   space 14336K, 0% used [0x00000000f3280000,0x00000000f3280000,0x00000000f4080000)
 ParOldGen       total 58368K, used 25949K [0x00000000c0000000, 0x00000000c3900000, 0x00000000eaa80000)
  object space 58368K, 44% used [0x00000000c0000000,0x00000000c1957720,0x00000000c3900000)
 PSPermGen       total 21504K, used 7243K [0x00000000b5a00000, 0x00000000b6f00000, 0x00000000c0000000)
  object space 21504K, 33% used [0x00000000b5a00000,0x00000000b6112c98,0x00000000b6f00000)
}
Event: 9,819 GC heap before
{Heap before GC invocations=13 (full 1):
 PSYoungGen      total 102400K, used 94612K [0x00000000eaa80000, 0x00000000f4080000, 0x0000000100000000)
  eden space 87552K, 100% used [0x00000000eaa80000,0x00000000f0000000,0x00000000f0000000)
  from space 14848K, 47% used [0x00000000f0000000,0x00000000f06e52e0,0x00000000f0e80000)
  to   space 14336K, 0% used [0x00000000f3280000,0x00000000f3280000,0x00000000f4080000)
 ParOldGen       total 58368K, used 25949K [0x00000000c0000000, 0x00000000c3900000, 0x00000000eaa80000)
  object space 58368K, 44% used [0x00000000c0000000,0x00000000c1957720,0x00000000c3900000)
 PSPermGen       total 21504K, used 7248K [0x00000000b5a00000, 0x00000000b6f00000, 0x00000000c0000000)
  object space 21504K, 33% used [0x00000000b5a00000,0x00000000b6114078,0x00000000b6f00000)
Event: 9,830 GC heap after
Heap after GC invocations=13 (full 1):
 PSYoungGen      total 137216K, used 5614K [0x00000000eaa80000, 0x00000000f3f80000, 0x0000000100000000)
  eden space 123904K, 0% used [0x00000000eaa80000,0x00000000eaa80000,0x00000000f2380000)
  from space 13312K, 42% used [0x00000000f3280000,0x00000000f37fba90,0x00000000f3f80000)
  to   space 14336K, 0% used [0x00000000f2380000,0x00000000f2380000,0x00000000f3180000)
 ParOldGen       total 58368K, used 27860K [0x00000000c0000000, 0x00000000c3900000, 0x00000000eaa80000)
  object space 58368K, 47% used [0x00000000c0000000,0x00000000c1b353c8,0x00000000c3900000)
 PSPermGen       total 21504K, used 7248K [0x00000000b5a00000, 0x00000000b6f00000, 0x00000000c0000000)
  object space 21504K, 33% used [0x00000000b5a00000,0x00000000b6114078,0x00000000b6f00000)
}
Event: 10,037 GC heap before
{Heap before GC invocations=14 (full 1):
 PSYoungGen      total 137216K, used 129518K [0x00000000eaa80000, 0x00000000f3f80000, 0x0000000100000000)
  eden space 123904K, 100% used [0x00000000eaa80000,0x00000000f2380000,0x00000000f2380000)
  from space 13312K, 42% used [0x00000000f3280000,0x00000000f37fba90,0x00000000f3f80000)
  to   space 14336K, 0% used [0x00000000f2380000,0x00000000f2380000,0x00000000f3180000)
 ParOldGen       total 58368K, used 27860K [0x00000000c0000000, 0x00000000c3900000, 0x00000000eaa80000)
  object space 58368K, 47% used [0x00000000c0000000,0x00000000c1b353c8,0x00000000c3900000)
 PSPermGen       total 21504K, used 7250K [0x00000000b5a00000, 0x00000000b6f00000, 0x00000000c0000000)
  object space 21504K, 33% used [0x00000000b5a00000,0x00000000b61148c0,0x00000000b6f00000)
Event: 10,478 GC heap after
Heap after GC invocations=14 (full 1):
 PSYoungGen      total 138240K, used 13631K [0x00000000eaa80000, 0x00000000f8000000, 0x0000000100000000)
  eden space 123904K, 0% used [0x00000000eaa80000,0x00000000eaa80000,0x00000000f2380000)
  from space 14336K, 95% used [0x00000000f2380000,0x00000000f30cffb8,0x00000000f3180000)
  to   space 15872K, 0% used [0x00000000f7080000,0x00000000f7080000,0x00000000f8000000)
 ParOldGen       total 58368K, used 27868K [0x00000000c0000000, 0x00000000c3900000, 0x00000000eaa80000)
  object space 58368K, 47% used [0x00000000c0000000,0x00000000c1b373c8,0x00000000c3900000)
 PSPermGen       total 21504K, used 7250K [0x00000000b5a00000, 0x00000000b6f00000, 0x00000000c0000000)
  object space 21504K, 33% used [0x00000000b5a00000,0x00000000b61148c0,0x00000000b6f00000)
}
Event: 10,689 GC heap before
{Heap before GC invocations=15 (full 1):
 PSYoungGen      total 138240K, used 137535K [0x00000000eaa80000, 0x00000000f8000000, 0x0000000100000000)
  eden space 123904K, 100% used [0x00000000eaa80000,0x00000000f2380000,0x00000000f2380000)
  from space 14336K, 95% used [0x00000000f2380000,0x00000000f30cffb8,0x00000000f3180000)
  to   space 15872K, 0% used [0x00000000f7080000,0x00000000f7080000,0x00000000f8000000)
 ParOldGen       total 58368K, used 27868K [0x00000000c0000000, 0x00000000c3900000, 0x00000000eaa80000)
  object space 58368K, 47% used [0x00000000c0000000,0x00000000c1b373c8,0x00000000c3900000)
 PSPermGen       total 21504K, used 7250K [0x00000000b5a00000, 0x00000000b6f00000, 0x00000000c0000000)
  object space 21504K, 33% used [0x00000000b5a00000,0x00000000b61148c0,0x00000000b6f00000)
Event: 11,996 GC heap after
Heap after GC invocations=15 (full 1):
 PSYoungGen      total 201216K, used 15245K [0x00000000eaa80000, 0x00000000f8700000, 0x0000000100000000)
  eden space 185344K, 0% used [0x00000000eaa80000,0x00000000eaa80000,0x00000000f5f80000)
  from space 15872K, 96% used [0x00000000f7080000,0x00000000f7f63748,0x00000000f8000000)
  to   space 17408K, 0% used [0x00000000f5f80000,0x00000000f5f80000,0x00000000f7080000)
 ParOldGen       total 58368K, used 27876K [0x00000000c0000000, 0x00000000c3900000, 0x00000000eaa80000)
  object space 58368K, 47% used [0x00000000c0000000,0x00000000c1b393c8,0x00000000c3900000)
 PSPermGen       total 21504K, used 7250K [0x00000000b5a00000, 0x00000000b6f00000, 0x00000000c0000000)
  object space 21504K, 33% used [0x00000000b5a00000,0x00000000b61148c0,0x00000000b6f00000)
}
Event: 12,272 GC heap before
{Heap before GC invocations=16 (full 1):
 PSYoungGen      total 201216K, used 200589K [0x00000000eaa80000, 0x00000000f8700000, 0x0000000100000000)
  eden space 185344K, 100% used [0x00000000eaa80000,0x00000000f5f80000,0x00000000f5f80000)
  from space 15872K, 96% used [0x00000000f7080000,0x00000000f7f63748,0x00000000f8000000)
  to   space 17408K, 0% used [0x00000000f5f80000,0x00000000f5f80000,0x00000000f7080000)
 ParOldGen       total 58368K, used 27876K [0x00000000c0000000, 0x00000000c3900000, 0x00000000eaa80000)
  object space 58368K, 47% used [0x00000000c0000000,0x00000000c1b393c8,0x00000000c3900000)
 PSPermGen       total 21504K, used 7254K [0x00000000b5a00000, 0x00000000b6f00000, 0x00000000c0000000)
  object space 21504K, 33% used [0x00000000b5a00000,0x00000000b6115890,0x00000000b6f00000)

